<?xml version="1.0" encoding="UTF-8"?>
<robot generator="Robot 7.2.2 (Python 3.10.11 on win32)" generated="2025-04-15T13:55:14.328437" rpa="false" schemaversion="5">
<suite id="s1" name="Tests" source="C:\Users\mathi\OneDrive\Documents\Bachelor\TP_TESTMDS\Tests">
<suite id="s1-s1" name="Rappel RBF" source="C:\Users\mathi\OneDrive\Documents\Bachelor\TP_TESTMDS\Tests\Rappel_RBF.robot">
<kw name="Log Report And Console" type="SETUP">
<kw name="Log" owner="BuiltIn">
<msg time="2025-04-15T13:55:14.410762" level="INFO">Global Suite Setup</msg>
<arg>${message}</arg>
<arg>level=${level}</arg>
<arg>console=True</arg>
<doc>Logs the given message with the given level.</doc>
<status status="PASS" start="2025-04-15T13:55:14.410762" elapsed="0.000000"/>
</kw>
<arg>Global Suite Setup</arg>
<status status="PASS" start="2025-04-15T13:55:14.409750" elapsed="0.001012"/>
</kw>
<test id="s1-s1-t1" name="TC Log" line="54">
<kw name="testSetup" type="SETUP">
<kw name="Log Report And Console">
<kw name="Log" owner="BuiltIn">
<msg time="2025-04-15T13:55:14.414136" level="INFO"/>
<arg>${message}</arg>
<arg>level=${level}</arg>
<arg>console=True</arg>
<doc>Logs the given message with the given level.</doc>
<status status="PASS" start="2025-04-15T13:55:14.414136" elapsed="0.000000"/>
</kw>
<arg>${EMPTY}</arg>
<status status="PASS" start="2025-04-15T13:55:14.412762" elapsed="0.001374"/>
</kw>
<kw name="Log Report And Console">
<kw name="Log" owner="BuiltIn">
<msg time="2025-04-15T13:55:14.416500" level="INFO">Global Test Setup</msg>
<arg>${message}</arg>
<arg>level=${level}</arg>
<arg>console=True</arg>
<doc>Logs the given message with the given level.</doc>
<status status="PASS" start="2025-04-15T13:55:14.415483" elapsed="0.001017"/>
</kw>
<arg>Global Test Setup</arg>
<status status="PASS" start="2025-04-15T13:55:14.414136" elapsed="0.002364"/>
</kw>
<status status="PASS" start="2025-04-15T13:55:14.411778" elapsed="0.004722"/>
</kw>
<kw name="Log">
<kw name="Log" owner="BuiltIn">
<msg time="2025-04-15T13:55:14.417687" level="INFO">hello</msg>
<arg>${message}</arg>
<doc>Logs the given message with the given level.</doc>
<status status="PASS" start="2025-04-15T13:55:14.417687" elapsed="0.000000"/>
</kw>
<arg>hello</arg>
<status status="PASS" start="2025-04-15T13:55:14.416500" elapsed="0.001187"/>
</kw>
<kw name="Log" owner="BuiltIn">
<msg time="2025-04-15T13:55:14.419048" level="INFO" html="true">&lt;b&gt;Hello&lt;/b&gt;, &lt;font color="red"&gt;world!&lt;/font&gt;</msg>
<arg>&lt;b&gt;Hello&lt;/b&gt;, &lt;font color="red"&gt;world!&lt;/font&gt;</arg>
<arg>html=True</arg>
<doc>Logs the given message with the given level.</doc>
<status status="PASS" start="2025-04-15T13:55:14.417687" elapsed="0.001361"/>
</kw>
<kw name="Log" owner="BuiltIn">
<msg time="2025-04-15T13:55:14.419573" level="WARN">TEST</msg>
<arg>TEST</arg>
<arg>level=WARN</arg>
<arg>html=False</arg>
<arg>console=True</arg>
<doc>Logs the given message with the given level.</doc>
<status status="PASS" start="2025-04-15T13:55:14.419573" elapsed="0.000000"/>
</kw>
<kw name="Log To Console" owner="BuiltIn">
<arg>message</arg>
<doc>Logs the given message to the console.</doc>
<status status="PASS" start="2025-04-15T13:55:14.420587" elapsed="0.000000"/>
</kw>
<kw name="Log Report And Console">
<kw name="Log" owner="BuiltIn">
<msg time="2025-04-15T13:55:14.421589" level="INFO">TEST</msg>
<arg>${message}</arg>
<arg>level=${level}</arg>
<arg>console=True</arg>
<doc>Logs the given message with the given level.</doc>
<status status="PASS" start="2025-04-15T13:55:14.421589" elapsed="0.000000"/>
</kw>
<arg>TEST</arg>
<status status="PASS" start="2025-04-15T13:55:14.420587" elapsed="0.001002"/>
</kw>
<kw name="testTeardown" type="TEARDOWN">
<kw name="Log Report And Console">
<kw name="Log" owner="BuiltIn">
<msg time="2025-04-15T13:55:14.424921" level="INFO">Global Test Teardown</msg>
<arg>${message}</arg>
<arg>level=${level}</arg>
<arg>console=True</arg>
<doc>Logs the given message with the given level.</doc>
<status status="PASS" start="2025-04-15T13:55:14.423918" elapsed="0.001003"/>
</kw>
<arg>Global Test Teardown</arg>
<status status="PASS" start="2025-04-15T13:55:14.423918" elapsed="0.001003"/>
</kw>
<kw name="Log Report And Console">
<kw name="Log" owner="BuiltIn">
<msg time="2025-04-15T13:55:14.425917" level="INFO">PASS</msg>
<arg>${message}</arg>
<arg>level=${level}</arg>
<arg>console=True</arg>
<doc>Logs the given message with the given level.</doc>
<status status="PASS" start="2025-04-15T13:55:14.425917" elapsed="0.000000"/>
</kw>
<arg>${TEST STATUS}</arg>
<status status="PASS" start="2025-04-15T13:55:14.424921" elapsed="0.000996"/>
</kw>
<kw name="Log Report And Console">
<kw name="Log" owner="BuiltIn">
<msg time="2025-04-15T13:55:14.426933" level="INFO"/>
<arg>${message}</arg>
<arg>level=${level}</arg>
<arg>console=True</arg>
<doc>Logs the given message with the given level.</doc>
<status status="PASS" start="2025-04-15T13:55:14.426933" elapsed="0.000000"/>
</kw>
<arg>${TEST MESSAGE}</arg>
<status status="PASS" start="2025-04-15T13:55:14.426933" elapsed="0.000987"/>
</kw>
<if>
<branch type="IF" condition="'${TEST STATUS}' == 'PASS'">
<kw name="Set Test Message" owner="BuiltIn">
<msg time="2025-04-15T13:55:14.428933" level="INFO">Set test message to:
Test OK
On pourait mettre la synthèse des étapes/vérificarions effectuées</msg>
<arg>Test OK\nOn pourait mettre la synthèse des étapes/vérificarions effectuées</arg>
<doc>Sets message for the current test case.</doc>
<status status="PASS" start="2025-04-15T13:55:14.428933" elapsed="0.000000"/>
</kw>
<status status="PASS" start="2025-04-15T13:55:14.427920" elapsed="0.001013"/>
</branch>
<status status="PASS" start="2025-04-15T13:55:14.427920" elapsed="0.001013"/>
</if>
<status status="PASS" start="2025-04-15T13:55:14.422904" elapsed="0.006029"/>
</kw>
<doc>Utilisation des logs</doc>
<tag>tnr</tag>
<status status="PASS" start="2025-04-15T13:55:14.411778" elapsed="0.017155">Test OK
On pourait mettre la synthèse des étapes/vérificarions effectuées</status>
</test>
<test id="s1-s1-t2" name="TC Acces Variables And Log Variables" line="62">
<kw name="testSetup" type="SETUP">
<kw name="Log Report And Console">
<kw name="Log" owner="BuiltIn">
<msg time="2025-04-15T13:55:14.432384" level="INFO"/>
<arg>${message}</arg>
<arg>level=${level}</arg>
<arg>console=True</arg>
<doc>Logs the given message with the given level.</doc>
<status status="PASS" start="2025-04-15T13:55:14.432384" elapsed="0.000000"/>
</kw>
<arg>${EMPTY}</arg>
<status status="PASS" start="2025-04-15T13:55:14.430916" elapsed="0.001468"/>
</kw>
<kw name="Log Report And Console">
<kw name="Log" owner="BuiltIn">
<msg time="2025-04-15T13:55:14.433505" level="INFO">Global Test Setup</msg>
<arg>${message}</arg>
<arg>level=${level}</arg>
<arg>console=True</arg>
<doc>Logs the given message with the given level.</doc>
<status status="PASS" start="2025-04-15T13:55:14.433505" elapsed="0.000000"/>
</kw>
<arg>Global Test Setup</arg>
<status status="PASS" start="2025-04-15T13:55:14.432384" elapsed="0.001121"/>
</kw>
<status status="PASS" start="2025-04-15T13:55:14.430916" elapsed="0.002589"/>
</kw>
<kw name="Log Report And Console">
<kw name="Log" owner="BuiltIn">
<msg time="2025-04-15T13:55:14.434880" level="INFO">\</msg>
<arg>${message}</arg>
<arg>level=${level}</arg>
<arg>console=True</arg>
<doc>Logs the given message with the given level.</doc>
<status status="PASS" start="2025-04-15T13:55:14.434880" elapsed="0.001011"/>
</kw>
<arg>${/}</arg>
<status status="PASS" start="2025-04-15T13:55:14.434880" elapsed="0.001011"/>
</kw>
<kw name="Log Report And Console">
<kw name="Log" owner="BuiltIn">
<msg time="2025-04-15T13:55:14.436893" level="INFO">;</msg>
<arg>${message}</arg>
<arg>level=${level}</arg>
<arg>console=True</arg>
<doc>Logs the given message with the given level.</doc>
<status status="PASS" start="2025-04-15T13:55:14.436893" elapsed="0.000000"/>
</kw>
<arg>${:}</arg>
<status status="PASS" start="2025-04-15T13:55:14.435891" elapsed="0.002003"/>
</kw>
<kw name="Log Report And Console">
<kw name="Log" owner="BuiltIn">
<msg time="2025-04-15T13:55:14.438893" level="INFO">
</msg>
<arg>${message}</arg>
<arg>level=${level}</arg>
<arg>console=True</arg>
<doc>Logs the given message with the given level.</doc>
<status status="PASS" start="2025-04-15T13:55:14.437894" elapsed="0.000999"/>
</kw>
<arg>${\n}</arg>
<status status="PASS" start="2025-04-15T13:55:14.437894" elapsed="0.000999"/>
</kw>
<kw name="Log Report And Console">
<kw name="Log" owner="BuiltIn">
<msg time="2025-04-15T13:55:14.439891" level="INFO">C:\Users\mathi\OneDrive\Documents\Bachelor\TP_TESTMDS\Tests</msg>
<arg>${message}</arg>
<arg>level=${level}</arg>
<arg>console=True</arg>
<doc>Logs the given message with the given level.</doc>
<status status="PASS" start="2025-04-15T13:55:14.439891" elapsed="0.000000"/>
</kw>
<arg>C:\\Users\\mathi\\OneDrive\\Documents\\Bachelor\\TP_TESTMDS\\Tests</arg>
<status status="PASS" start="2025-04-15T13:55:14.438893" elapsed="0.000998"/>
</kw>
<kw name="Log Report And Console">
<kw name="Log" owner="BuiltIn">
<msg time="2025-04-15T13:55:14.440890" level="INFO">C:\Users\mathi\AppData\Local\Temp</msg>
<arg>${message}</arg>
<arg>level=${level}</arg>
<arg>console=True</arg>
<doc>Logs the given message with the given level.</doc>
<status status="PASS" start="2025-04-15T13:55:14.440890" elapsed="0.001002"/>
</kw>
<arg>${TEMPDIR}</arg>
<status status="PASS" start="2025-04-15T13:55:14.440890" elapsed="0.001002"/>
</kw>
<kw name="Log Report And Console">
<kw name="Log" owner="BuiltIn">
<msg time="2025-04-15T13:55:14.443891" level="INFO">C:\Users\mathi\OneDrive\Documents\Bachelor\TP_TESTMDS</msg>
<arg>${message}</arg>
<arg>level=${level}</arg>
<arg>console=True</arg>
<doc>Logs the given message with the given level.</doc>
<status status="PASS" start="2025-04-15T13:55:14.442894" elapsed="0.000997"/>
</kw>
<arg>${EXECDIR}</arg>
<status status="PASS" start="2025-04-15T13:55:14.441892" elapsed="0.001999"/>
</kw>
<kw name="Log Report And Console">
<kw name="Log" owner="BuiltIn">
<msg time="2025-04-15T13:55:14.445890" level="INFO">C:\Users\mathi\OneDrive\Documents\Bachelor\TP_TESTMDS\Results</msg>
<arg>${message}</arg>
<arg>level=${level}</arg>
<arg>console=True</arg>
<doc>Logs the given message with the given level.</doc>
<status status="PASS" start="2025-04-15T13:55:14.444892" elapsed="0.000998"/>
</kw>
<arg>${OUTPUT DIR}</arg>
<status status="PASS" start="2025-04-15T13:55:14.444892" elapsed="0.000998"/>
</kw>
<kw name="Log Report And Console">
<kw name="Log" owner="BuiltIn">
<msg time="2025-04-15T13:55:14.446893" level="INFO">Tests.Rappel RBF</msg>
<arg>${message}</arg>
<arg>level=${level}</arg>
<arg>console=True</arg>
<doc>Logs the given message with the given level.</doc>
<status status="PASS" start="2025-04-15T13:55:14.446893" elapsed="0.000000"/>
</kw>
<arg>${SUITE NAME}</arg>
<status status="PASS" start="2025-04-15T13:55:14.445890" elapsed="0.002003"/>
</kw>
<kw name="Log Report And Console">
<kw name="Log" owner="BuiltIn">
<msg time="2025-04-15T13:55:14.448891" level="INFO">TC Acces Variables And Log Variables</msg>
<arg>${message}</arg>
<arg>level=${level}</arg>
<arg>console=True</arg>
<doc>Logs the given message with the given level.</doc>
<status status="PASS" start="2025-04-15T13:55:14.447893" elapsed="0.000998"/>
</kw>
<arg>${TEST NAME}</arg>
<status status="PASS" start="2025-04-15T13:55:14.447893" elapsed="0.000998"/>
</kw>
<kw name="Log Report And Console">
<kw name="Log" owner="BuiltIn">
<msg time="2025-04-15T13:55:14.450890" level="INFO">Utilisation des variables</msg>
<arg>${message}</arg>
<arg>level=${level}</arg>
<arg>console=True</arg>
<doc>Logs the given message with the given level.</doc>
<status status="PASS" start="2025-04-15T13:55:14.450890" elapsed="0.000000"/>
</kw>
<arg>${TEST DOCUMENTATION}</arg>
<status status="PASS" start="2025-04-15T13:55:14.449894" elapsed="0.000996"/>
</kw>
<kw name="Log Report And Console">
<kw name="Log" owner="BuiltIn">
<msg time="2025-04-15T13:55:14.452893" level="INFO">['tnr', 'var']</msg>
<arg>${message}</arg>
<arg>level=${level}</arg>
<arg>console=True</arg>
<doc>Logs the given message with the given level.</doc>
<status status="PASS" start="2025-04-15T13:55:14.451891" elapsed="0.002002"/>
</kw>
<arg>${TEST TAGS}</arg>
<status status="PASS" start="2025-04-15T13:55:14.451891" elapsed="0.002002"/>
</kw>
<kw name="Log Report And Console">
<kw name="Log" owner="BuiltIn">
<msg time="2025-04-15T13:55:14.456894" level="INFO"/>
<arg>${message}</arg>
<arg>level=${level}</arg>
<arg>console=True</arg>
<doc>Logs the given message with the given level.</doc>
<status status="PASS" start="2025-04-15T13:55:14.455891" elapsed="0.002005"/>
</kw>
<arg>${EMPTY}</arg>
<status status="PASS" start="2025-04-15T13:55:14.454892" elapsed="0.003004"/>
</kw>
<kw name="Log Report And Console">
<kw name="Log" owner="BuiltIn">
<msg time="2025-04-15T13:55:14.460404" level="INFO">()</msg>
<arg>${message}</arg>
<arg>level=${level}</arg>
<arg>console=True</arg>
<doc>Logs the given message with the given level.</doc>
<status status="PASS" start="2025-04-15T13:55:14.459893" elapsed="0.000511"/>
</kw>
<arg>(${EMPTY})</arg>
<status status="PASS" start="2025-04-15T13:55:14.457896" elapsed="0.002508"/>
</kw>
<kw name="Log Report And Console">
<kw name="Log" owner="BuiltIn">
<msg time="2025-04-15T13:55:14.461424" level="INFO">( )</msg>
<arg>${message}</arg>
<arg>level=${level}</arg>
<arg>console=True</arg>
<doc>Logs the given message with the given level.</doc>
<status status="PASS" start="2025-04-15T13:55:14.461424" elapsed="0.000989"/>
</kw>
<arg>(${SPACE})</arg>
<status status="PASS" start="2025-04-15T13:55:14.461424" elapsed="0.000989"/>
</kw>
<kw name="Log Report And Console">
<kw name="Log" owner="BuiltIn">
<msg time="2025-04-15T13:55:14.463482" level="INFO">DEBUT     FIN</msg>
<arg>${message}</arg>
<arg>level=${level}</arg>
<arg>console=True</arg>
<doc>Logs the given message with the given level.</doc>
<status status="PASS" start="2025-04-15T13:55:14.463482" elapsed="0.001349"/>
</kw>
<arg>DEBUT${SPACE * 5}FIN</arg>
<status status="PASS" start="2025-04-15T13:55:14.462413" elapsed="0.002418"/>
</kw>
<kw name="Log Report And Console">
<kw name="Log" owner="BuiltIn">
<msg time="2025-04-15T13:55:14.465842" level="INFO">None and None</msg>
<arg>${message}</arg>
<arg>level=${level}</arg>
<arg>console=True</arg>
<doc>Logs the given message with the given level.</doc>
<status status="PASS" start="2025-04-15T13:55:14.464831" elapsed="0.001011"/>
</kw>
<arg>${NONE} and ${NULL}</arg>
<status status="PASS" start="2025-04-15T13:55:14.464831" elapsed="0.001011"/>
</kw>
<kw name="Log Report And Console">
<kw name="Log" owner="BuiltIn">
<msg time="2025-04-15T13:55:14.467909" level="INFO">TEST 2 3.14 True</msg>
<arg>${message}</arg>
<arg>level=${level}</arg>
<arg>console=True</arg>
<doc>Logs the given message with the given level.</doc>
<status status="PASS" start="2025-04-15T13:55:14.466860" elapsed="0.001049"/>
</kw>
<arg>${myString} ${myNumber} ${myFloat} ${myBoolean}</arg>
<status status="PASS" start="2025-04-15T13:55:14.466860" elapsed="0.001049"/>
</kw>
<kw name="Evaluate" owner="BuiltIn">
<msg time="2025-04-15T13:55:14.468923" level="INFO">${typeFloat} = &lt;class 'float'&gt;</msg>
<var>${typeFloat}</var>
<arg>type(${myFloat})</arg>
<doc>Evaluates the given expression in Python and returns the result.</doc>
<status status="PASS" start="2025-04-15T13:55:14.468923" elapsed="0.000000"/>
</kw>
<kw name="Log Report And Console">
<kw name="Log" owner="BuiltIn">
<msg time="2025-04-15T13:55:14.469923" level="INFO">&lt;class 'float'&gt;</msg>
<arg>${message}</arg>
<arg>level=${level}</arg>
<arg>console=True</arg>
<doc>Logs the given message with the given level.</doc>
<status status="PASS" start="2025-04-15T13:55:14.469923" elapsed="0.001028"/>
</kw>
<arg>${typeFloat}</arg>
<status status="PASS" start="2025-04-15T13:55:14.469923" elapsed="0.001028"/>
</kw>
<kw name="Log Report And Console">
<kw name="Log" owner="BuiltIn">
<msg time="2025-04-15T13:55:14.471922" level="INFO">['un', 'deux', 'trois', 'quatre']</msg>
<arg>${message}</arg>
<arg>level=${level}</arg>
<arg>console=True</arg>
<doc>Logs the given message with the given level.</doc>
<status status="PASS" start="2025-04-15T13:55:14.471922" elapsed="0.001015"/>
</kw>
<arg>${MANY_LIST}</arg>
<status status="PASS" start="2025-04-15T13:55:14.471922" elapsed="0.001015"/>
</kw>
<kw name="Log Report And Console">
<kw name="Log" owner="BuiltIn">
<msg time="2025-04-15T13:55:14.472937" level="INFO">un</msg>
<arg>${message}</arg>
<arg>level=${level}</arg>
<arg>console=True</arg>
<doc>Logs the given message with the given level.</doc>
<status status="PASS" start="2025-04-15T13:55:14.472937" elapsed="0.001458"/>
</kw>
<arg>${MANY_LIST}[0]</arg>
<status status="PASS" start="2025-04-15T13:55:14.472937" elapsed="0.001458"/>
</kw>
<kw name="Log Report And Console">
<kw name="Log" owner="BuiltIn">
<msg time="2025-04-15T13:55:14.475738" level="INFO">TEST[0]</msg>
<arg>${message}</arg>
<arg>level=${level}</arg>
<arg>console=True</arg>
<doc>Logs the given message with the given level.</doc>
<status status="PASS" start="2025-04-15T13:55:14.474395" elapsed="0.001343"/>
</kw>
<arg>${myString}\[0]</arg>
<status status="PASS" start="2025-04-15T13:55:14.474395" elapsed="0.001343"/>
</kw>
<kw name="Log Report And Console">
<kw name="Log" owner="BuiltIn">
<msg time="2025-04-15T13:55:14.477137" level="INFO">trois</msg>
<arg>${message}</arg>
<arg>level=${level}</arg>
<arg>console=True</arg>
<doc>Logs the given message with the given level.</doc>
<status status="PASS" start="2025-04-15T13:55:14.475738" elapsed="0.001399"/>
</kw>
<arg>${MANY_LIST}[${myNumber}]</arg>
<status status="PASS" start="2025-04-15T13:55:14.475738" elapsed="0.001399"/>
</kw>
<kw name="Log Report And Console">
<kw name="Log" owner="BuiltIn">
<msg time="2025-04-15T13:55:14.478161" level="INFO">['deux', 'trois', 'quatre']</msg>
<arg>${message}</arg>
<arg>level=${level}</arg>
<arg>console=True</arg>
<doc>Logs the given message with the given level.</doc>
<status status="PASS" start="2025-04-15T13:55:14.478161" elapsed="0.000000"/>
</kw>
<arg>${MANY_LIST}[1:]</arg>
<status status="PASS" start="2025-04-15T13:55:14.477137" elapsed="0.001024"/>
</kw>
<kw name="Log Report And Console">
<kw name="Log" owner="BuiltIn">
<msg time="2025-04-15T13:55:14.480391" level="INFO">['un', 'deux']</msg>
<arg>${message}</arg>
<arg>level=${level}</arg>
<arg>console=True</arg>
<doc>Logs the given message with the given level.</doc>
<status status="PASS" start="2025-04-15T13:55:14.479164" elapsed="0.001227"/>
</kw>
<arg>${MANY_LIST}[:2]</arg>
<status status="PASS" start="2025-04-15T13:55:14.479164" elapsed="0.001227"/>
</kw>
<kw name="Log Report And Console">
<kw name="Log" owner="BuiltIn">
<msg time="2025-04-15T13:55:14.481269" level="INFO">['trois']</msg>
<arg>${message}</arg>
<arg>level=${level}</arg>
<arg>console=True</arg>
<doc>Logs the given message with the given level.</doc>
<status status="PASS" start="2025-04-15T13:55:14.481269" elapsed="0.001020"/>
</kw>
<arg>${MANY_LIST}[2:-1]</arg>
<status status="PASS" start="2025-04-15T13:55:14.481269" elapsed="0.001020"/>
</kw>
<kw name="Log Report And Console">
<kw name="Log" owner="BuiltIn">
<msg time="2025-04-15T13:55:14.482289" level="INFO">['deux']</msg>
<arg>${message}</arg>
<arg>level=${level}</arg>
<arg>console=True</arg>
<doc>Logs the given message with the given level.</doc>
<status status="PASS" start="2025-04-15T13:55:14.482289" elapsed="0.001266"/>
</kw>
<arg>${MANY_LIST}[1:-1:2]</arg>
<status status="PASS" start="2025-04-15T13:55:14.482289" elapsed="0.001266"/>
</kw>
<kw name="Log Report And Console">
<kw name="Log" owner="BuiltIn">
<msg time="2025-04-15T13:55:14.484879" level="INFO">['un', 'trois']</msg>
<arg>${message}</arg>
<arg>level=${level}</arg>
<arg>console=True</arg>
<doc>Logs the given message with the given level.</doc>
<status status="PASS" start="2025-04-15T13:55:14.483555" elapsed="0.001324"/>
</kw>
<arg>${MANY_LIST}[::2]</arg>
<status status="PASS" start="2025-04-15T13:55:14.483555" elapsed="0.001324"/>
</kw>
<kw name="Log Report And Console">
<kw name="Log" owner="BuiltIn">
<msg time="2025-04-15T13:55:14.486340" level="INFO">{'un': 1, 'deux': 2, 3: 'trois', 'TEST': 'XXXXX', 'xx': '56'}</msg>
<arg>${message}</arg>
<arg>level=${level}</arg>
<arg>console=True</arg>
<doc>Logs the given message with the given level.</doc>
<status status="PASS" start="2025-04-15T13:55:14.484879" elapsed="0.001461"/>
</kw>
<arg>${DICT1}</arg>
<status status="PASS" start="2025-04-15T13:55:14.484879" elapsed="0.001461"/>
</kw>
<kw name="Log Report And Console">
<kw name="Log" owner="BuiltIn">
<msg time="2025-04-15T13:55:14.487838" level="INFO">2</msg>
<arg>${message}</arg>
<arg>level=${level}</arg>
<arg>console=True</arg>
<doc>Logs the given message with the given level.</doc>
<status status="PASS" start="2025-04-15T13:55:14.487838" elapsed="0.000000"/>
</kw>
<arg>${DICT1.deux}</arg>
<status status="PASS" start="2025-04-15T13:55:14.486340" elapsed="0.002517"/>
</kw>
<kw name="Log Report And Console">
<kw name="Log" owner="BuiltIn">
<msg time="2025-04-15T13:55:14.489960" level="INFO">2</msg>
<arg>${message}</arg>
<arg>level=${level}</arg>
<arg>console=True</arg>
<doc>Logs the given message with the given level.</doc>
<status status="PASS" start="2025-04-15T13:55:14.488857" elapsed="0.001103"/>
</kw>
<arg>${DICT1}[deux]</arg>
<status status="PASS" start="2025-04-15T13:55:14.488857" elapsed="0.001103"/>
</kw>
<kw name="Log Report And Console">
<kw name="Log" owner="BuiltIn">
<msg time="2025-04-15T13:55:14.491274" level="INFO">DUPOND JEAN</msg>
<arg>${message}</arg>
<arg>level=${level}</arg>
<arg>console=True</arg>
<doc>Logs the given message with the given level.</doc>
<status status="PASS" start="2025-04-15T13:55:14.489960" elapsed="0.001314"/>
</kw>
<arg>${${CLEF} PRENOM}</arg>
<status status="PASS" start="2025-04-15T13:55:14.489960" elapsed="0.001314"/>
</kw>
<kw name="Log Report And Console">
<kw name="Log" owner="BuiltIn">
<msg time="2025-04-15T13:55:14.493316" level="INFO">XXXXX</msg>
<arg>${message}</arg>
<arg>level=${level}</arg>
<arg>console=True</arg>
<doc>Logs the given message with the given level.</doc>
<status status="PASS" start="2025-04-15T13:55:14.493316" elapsed="0.000000"/>
</kw>
<arg>${DICT1.${myString}}</arg>
<status status="PASS" start="2025-04-15T13:55:14.492291" elapsed="0.001025"/>
</kw>
<kw name="Set Variable" owner="BuiltIn">
<msg time="2025-04-15T13:55:14.494348" level="INFO">${local_var} = TEST</msg>
<var>${local_var}</var>
<arg>TEST</arg>
<doc>Returns the given values which can then be assigned to a variables.</doc>
<status status="PASS" start="2025-04-15T13:55:14.494348" elapsed="0.000000"/>
</kw>
<kw name="Set Global Variable" owner="BuiltIn">
<msg time="2025-04-15T13:55:14.495328" level="INFO">${local_var} = TEST</msg>
<arg>${local_var}</arg>
<doc>Makes a variable available globally in all tests and suites.</doc>
<status status="PASS" start="2025-04-15T13:55:14.494348" elapsed="0.000980"/>
</kw>
<kw name="Set Global Variable" owner="BuiltIn">
<msg time="2025-04-15T13:55:14.495783" level="INFO">${global_var} = TEST</msg>
<arg>${global_var}</arg>
<arg>${local_var}</arg>
<doc>Makes a variable available globally in all tests and suites.</doc>
<status status="PASS" start="2025-04-15T13:55:14.495783" elapsed="0.000000"/>
</kw>
<kw name="Set Global Variable" owner="BuiltIn">
<msg time="2025-04-15T13:55:14.496805" level="INFO">${global_var} = NEW VALUE</msg>
<arg>${global_var}</arg>
<arg>NEW VALUE</arg>
<doc>Makes a variable available globally in all tests and suites.</doc>
<status status="PASS" start="2025-04-15T13:55:14.495783" elapsed="0.001022"/>
</kw>
<kw name="testTeardown" type="TEARDOWN">
<kw name="Log Report And Console">
<kw name="Log" owner="BuiltIn">
<msg time="2025-04-15T13:55:14.497806" level="INFO">Global Test Teardown</msg>
<arg>${message}</arg>
<arg>level=${level}</arg>
<arg>console=True</arg>
<doc>Logs the given message with the given level.</doc>
<status status="PASS" start="2025-04-15T13:55:14.497806" elapsed="0.001106"/>
</kw>
<arg>Global Test Teardown</arg>
<status status="PASS" start="2025-04-15T13:55:14.497806" elapsed="0.001106"/>
</kw>
<kw name="Log Report And Console">
<kw name="Log" owner="BuiltIn">
<msg time="2025-04-15T13:55:14.499815" level="INFO">PASS</msg>
<arg>${message}</arg>
<arg>level=${level}</arg>
<arg>console=True</arg>
<doc>Logs the given message with the given level.</doc>
<status status="PASS" start="2025-04-15T13:55:14.499815" elapsed="0.000991"/>
</kw>
<arg>${TEST STATUS}</arg>
<status status="PASS" start="2025-04-15T13:55:14.498912" elapsed="0.001894"/>
</kw>
<kw name="Log Report And Console">
<kw name="Log" owner="BuiltIn">
<msg time="2025-04-15T13:55:14.500806" level="INFO"/>
<arg>${message}</arg>
<arg>level=${level}</arg>
<arg>console=True</arg>
<doc>Logs the given message with the given level.</doc>
<status status="PASS" start="2025-04-15T13:55:14.500806" elapsed="0.001121"/>
</kw>
<arg>${TEST MESSAGE}</arg>
<status status="PASS" start="2025-04-15T13:55:14.500806" elapsed="0.001121"/>
</kw>
<if>
<branch type="IF" condition="'${TEST STATUS}' == 'PASS'">
<kw name="Set Test Message" owner="BuiltIn">
<msg time="2025-04-15T13:55:14.502940" level="INFO">Set test message to:
Test OK
On pourait mettre la synthèse des étapes/vérificarions effectuées</msg>
<arg>Test OK\nOn pourait mettre la synthèse des étapes/vérificarions effectuées</arg>
<doc>Sets message for the current test case.</doc>
<status status="PASS" start="2025-04-15T13:55:14.502940" elapsed="0.000000"/>
</kw>
<status status="PASS" start="2025-04-15T13:55:14.501927" elapsed="0.001013"/>
</branch>
<status status="PASS" start="2025-04-15T13:55:14.501927" elapsed="0.001013"/>
</if>
<status status="PASS" start="2025-04-15T13:55:14.496805" elapsed="0.006135"/>
</kw>
<doc>Utilisation des variables</doc>
<tag>tnr</tag>
<tag>var</tag>
<status status="PASS" start="2025-04-15T13:55:14.429916" elapsed="0.073024">Test OK
On pourait mettre la synthèse des étapes/vérificarions effectuées</status>
</test>
<test id="s1-s1-t3" name="TC Get Environment Variable" line="115">
<kw name="testSetup" type="SETUP">
<kw name="Log Report And Console">
<kw name="Log" owner="BuiltIn">
<msg time="2025-04-15T13:55:14.507892" level="INFO"/>
<arg>${message}</arg>
<arg>level=${level}</arg>
<arg>console=True</arg>
<doc>Logs the given message with the given level.</doc>
<status status="PASS" start="2025-04-15T13:55:14.507479" elapsed="0.000413"/>
</kw>
<arg>${EMPTY}</arg>
<status status="PASS" start="2025-04-15T13:55:14.505967" elapsed="0.001925"/>
</kw>
<kw name="Log Report And Console">
<kw name="Log" owner="BuiltIn">
<msg time="2025-04-15T13:55:14.509917" level="INFO">Global Test Setup</msg>
<arg>${message}</arg>
<arg>level=${level}</arg>
<arg>console=True</arg>
<doc>Logs the given message with the given level.</doc>
<status status="PASS" start="2025-04-15T13:55:14.508903" elapsed="0.001014"/>
</kw>
<arg>Global Test Setup</arg>
<status status="PASS" start="2025-04-15T13:55:14.508903" elapsed="0.001014"/>
</kw>
<status status="PASS" start="2025-04-15T13:55:14.504957" elapsed="0.004960"/>
</kw>
<kw name="Get Environment Variable" owner="OperatingSystem">
<msg time="2025-04-15T13:55:14.510935" level="INFO">${OS1} = Windows_NT</msg>
<var>${OS1}</var>
<arg>OS</arg>
<doc>Returns the value of an environment variable with the given name.</doc>
<status status="PASS" start="2025-04-15T13:55:14.509917" elapsed="0.001018"/>
</kw>
<kw name="Get Environment Variable" owner="OperatingSystem">
<msg time="2025-04-15T13:55:14.510935" level="INFO">${COMPUTERNAME1} = LAPTOP-D04H0OSB</msg>
<var>${COMPUTERNAME1}</var>
<arg>COMPUTERNAME</arg>
<doc>Returns the value of an environment variable with the given name.</doc>
<status status="PASS" start="2025-04-15T13:55:14.510935" elapsed="0.000000"/>
</kw>
<kw name="Log Report And Console">
<kw name="Log" owner="BuiltIn">
<msg time="2025-04-15T13:55:14.512446" level="INFO">Windows_NT, LAPTOP-D04H0OSB</msg>
<arg>${message}</arg>
<arg>level=${level}</arg>
<arg>console=True</arg>
<doc>Logs the given message with the given level.</doc>
<status status="PASS" start="2025-04-15T13:55:14.512446" elapsed="0.000000"/>
</kw>
<arg>${OS1}, ${COMPUTERNAME1}</arg>
<status status="PASS" start="2025-04-15T13:55:14.510935" elapsed="0.001511"/>
</kw>
<kw name="Log Report And Console">
<kw name="Log" owner="BuiltIn">
<msg time="2025-04-15T13:55:14.514831" level="INFO">Windows_NT, LAPTOP-D04H0OSB</msg>
<arg>${message}</arg>
<arg>level=${level}</arg>
<arg>console=True</arg>
<doc>Logs the given message with the given level.</doc>
<status status="PASS" start="2025-04-15T13:55:14.513473" elapsed="0.001358"/>
</kw>
<arg>%{OS}, %{COMPUTERNAME}</arg>
<status status="PASS" start="2025-04-15T13:55:14.513473" elapsed="0.001358"/>
</kw>
<kw name="testTeardown" type="TEARDOWN">
<kw name="Log Report And Console">
<kw name="Log" owner="BuiltIn">
<msg time="2025-04-15T13:55:14.516847" level="INFO">Global Test Teardown</msg>
<arg>${message}</arg>
<arg>level=${level}</arg>
<arg>console=True</arg>
<doc>Logs the given message with the given level.</doc>
<status status="PASS" start="2025-04-15T13:55:14.516847" elapsed="0.000000"/>
</kw>
<arg>Global Test Teardown</arg>
<status status="PASS" start="2025-04-15T13:55:14.515843" elapsed="0.001999"/>
</kw>
<kw name="Log Report And Console">
<kw name="Log" owner="BuiltIn">
<msg time="2025-04-15T13:55:14.518846" level="INFO">PASS</msg>
<arg>${message}</arg>
<arg>level=${level}</arg>
<arg>console=True</arg>
<doc>Logs the given message with the given level.</doc>
<status status="PASS" start="2025-04-15T13:55:14.517842" elapsed="0.001004"/>
</kw>
<arg>${TEST STATUS}</arg>
<status status="PASS" start="2025-04-15T13:55:14.517842" elapsed="0.001004"/>
</kw>
<kw name="Log Report And Console">
<kw name="Log" owner="BuiltIn">
<msg time="2025-04-15T13:55:14.519870" level="INFO"/>
<arg>${message}</arg>
<arg>level=${level}</arg>
<arg>console=True</arg>
<doc>Logs the given message with the given level.</doc>
<status status="PASS" start="2025-04-15T13:55:14.519870" elapsed="0.000000"/>
</kw>
<arg>${TEST MESSAGE}</arg>
<status status="PASS" start="2025-04-15T13:55:14.518846" elapsed="0.001024"/>
</kw>
<if>
<branch type="IF" condition="'${TEST STATUS}' == 'PASS'">
<kw name="Set Test Message" owner="BuiltIn">
<msg time="2025-04-15T13:55:14.521209" level="INFO">Set test message to:
Test OK
On pourait mettre la synthèse des étapes/vérificarions effectuées</msg>
<arg>Test OK\nOn pourait mettre la synthèse des étapes/vérificarions effectuées</arg>
<doc>Sets message for the current test case.</doc>
<status status="PASS" start="2025-04-15T13:55:14.521209" elapsed="0.000508"/>
</kw>
<status status="PASS" start="2025-04-15T13:55:14.519870" elapsed="0.001847"/>
</branch>
<status status="PASS" start="2025-04-15T13:55:14.519870" elapsed="0.001847"/>
</if>
<status status="PASS" start="2025-04-15T13:55:14.515843" elapsed="0.005874"/>
</kw>
<doc>Utilisation des variables d'environnement</doc>
<tag>tnr</tag>
<status status="PASS" start="2025-04-15T13:55:14.503937" elapsed="0.017780">Test OK
On pourait mettre la synthèse des étapes/vérificarions effectuées</status>
</test>
<test id="s1-s1-t4" name="TC Run Keyword If" line="124">
<kw name="testSetup" type="SETUP">
<kw name="Log Report And Console">
<kw name="Log" owner="BuiltIn">
<msg time="2025-04-15T13:55:14.526973" level="INFO"/>
<arg>${message}</arg>
<arg>level=${level}</arg>
<arg>console=True</arg>
<doc>Logs the given message with the given level.</doc>
<status status="PASS" start="2025-04-15T13:55:14.525974" elapsed="0.000999"/>
</kw>
<arg>${EMPTY}</arg>
<status status="PASS" start="2025-04-15T13:55:14.524948" elapsed="0.002025"/>
</kw>
<kw name="Log Report And Console">
<kw name="Log" owner="BuiltIn">
<msg time="2025-04-15T13:55:14.527972" level="INFO">Global Test Setup</msg>
<arg>${message}</arg>
<arg>level=${level}</arg>
<arg>console=True</arg>
<doc>Logs the given message with the given level.</doc>
<status status="PASS" start="2025-04-15T13:55:14.527972" elapsed="0.000998"/>
</kw>
<arg>Global Test Setup</arg>
<status status="PASS" start="2025-04-15T13:55:14.526973" elapsed="0.001997"/>
</kw>
<status status="PASS" start="2025-04-15T13:55:14.524948" elapsed="0.004022"/>
</kw>
<if>
<branch type="IF" condition="${True}">
<kw name="Log Report And Console">
<kw name="Log" owner="BuiltIn">
<msg time="2025-04-15T13:55:14.530198" level="INFO">OK</msg>
<arg>${message}</arg>
<arg>level=${level}</arg>
<arg>console=True</arg>
<doc>Logs the given message with the given level.</doc>
<status status="PASS" start="2025-04-15T13:55:14.530198" elapsed="0.000000"/>
</kw>
<arg>OK</arg>
<status status="PASS" start="2025-04-15T13:55:14.528970" elapsed="0.001228"/>
</kw>
<status status="PASS" start="2025-04-15T13:55:14.528970" elapsed="0.001228"/>
</branch>
<status status="PASS" start="2025-04-15T13:55:14.528970" elapsed="0.001228"/>
</if>
<if>
<branch type="IF" condition="not(${False})">
<kw name="Log Report And Console">
<kw name="Log" owner="BuiltIn">
<msg time="2025-04-15T13:55:14.532225" level="INFO">OK</msg>
<arg>${message}</arg>
<arg>level=${level}</arg>
<arg>console=True</arg>
<doc>Logs the given message with the given level.</doc>
<status status="PASS" start="2025-04-15T13:55:14.532225" elapsed="0.000000"/>
</kw>
<arg>OK</arg>
<status status="PASS" start="2025-04-15T13:55:14.531210" elapsed="0.001015"/>
</kw>
<status status="PASS" start="2025-04-15T13:55:14.531210" elapsed="0.001015"/>
</branch>
<status status="PASS" start="2025-04-15T13:55:14.531210" elapsed="0.001015"/>
</if>
<kw name="Run Keyword Unless" owner="BuiltIn">
<msg time="2025-04-15T13:55:14.533539" level="WARN">Keyword 'BuiltIn.Run Keyword Unless' is deprecated. </msg>
<kw name="Log Report And Console">
<kw name="Log" owner="BuiltIn">
<msg time="2025-04-15T13:55:14.535177" level="INFO">OK</msg>
<arg>${message}</arg>
<arg>level=${level}</arg>
<arg>console=True</arg>
<doc>Logs the given message with the given level.</doc>
<status status="PASS" start="2025-04-15T13:55:14.535177" elapsed="0.000000"/>
</kw>
<arg>OK</arg>
<status status="PASS" start="2025-04-15T13:55:14.534050" elapsed="0.001127"/>
</kw>
<arg>${False}</arg>
<arg>Log Report And Console</arg>
<arg>OK</arg>
<doc>*DEPRECATED since RF 5.0. Use Native IF/ELSE or `Run Keyword If` instead.*</doc>
<status status="PASS" start="2025-04-15T13:55:14.532225" elapsed="0.002952"/>
</kw>
<if>
<branch type="IF" condition="'${myString}' == 'TEST'">
<kw name="Log Report And Console">
<kw name="Log" owner="BuiltIn">
<msg time="2025-04-15T13:55:14.536362" level="INFO">OK</msg>
<arg>${message}</arg>
<arg>level=${level}</arg>
<arg>console=True</arg>
<doc>Logs the given message with the given level.</doc>
<status status="PASS" start="2025-04-15T13:55:14.536362" elapsed="0.001382"/>
</kw>
<arg>OK</arg>
<status status="PASS" start="2025-04-15T13:55:14.536362" elapsed="0.001382"/>
</kw>
<status status="PASS" start="2025-04-15T13:55:14.536362" elapsed="0.001382"/>
</branch>
<status status="PASS" start="2025-04-15T13:55:14.535177" elapsed="0.002567"/>
</if>
<if>
<branch type="IF" condition="'${myString}' == '${myString}'">
<kw name="Log">
<kw name="Log" owner="BuiltIn">
<msg time="2025-04-15T13:55:14.538894" level="INFO">message</msg>
<arg>${message}</arg>
<doc>Logs the given message with the given level.</doc>
<status status="PASS" start="2025-04-15T13:55:14.537744" elapsed="0.001150"/>
</kw>
<arg>message</arg>
<status status="PASS" start="2025-04-15T13:55:14.537744" elapsed="0.001150"/>
</kw>
<status status="PASS" start="2025-04-15T13:55:14.537744" elapsed="0.001150"/>
</branch>
<status status="PASS" start="2025-04-15T13:55:14.537744" elapsed="0.001150"/>
</if>
<kw name="Run Keyword Unless" owner="BuiltIn">
<msg time="2025-04-15T13:55:14.538894" level="WARN">Keyword 'BuiltIn.Run Keyword Unless' is deprecated. </msg>
<kw name="Log Report And Console">
<kw name="Log" owner="BuiltIn">
<msg time="2025-04-15T13:55:14.540921" level="INFO">OK</msg>
<arg>${message}</arg>
<arg>level=${level}</arg>
<arg>console=True</arg>
<doc>Logs the given message with the given level.</doc>
<status status="PASS" start="2025-04-15T13:55:14.540921" elapsed="0.000000"/>
</kw>
<arg>OK</arg>
<status status="PASS" start="2025-04-15T13:55:14.539909" elapsed="0.001012"/>
</kw>
<arg>'${myString}' != 'TEST'</arg>
<arg>Log Report And Console</arg>
<arg>OK</arg>
<doc>*DEPRECATED since RF 5.0. Use Native IF/ELSE or `Run Keyword If` instead.*</doc>
<status status="PASS" start="2025-04-15T13:55:14.538894" elapsed="0.002027"/>
</kw>
<if>
<branch type="IF" condition="'''${myString2}''' == '''c'est mon test'''">
<kw name="Log Report And Console">
<kw name="Log" owner="BuiltIn">
<msg time="2025-04-15T13:55:14.542148" level="INFO">OK</msg>
<arg>${message}</arg>
<arg>level=${level}</arg>
<arg>console=True</arg>
<doc>Logs the given message with the given level.</doc>
<status status="PASS" start="2025-04-15T13:55:14.542148" elapsed="0.000901"/>
</kw>
<arg>OK</arg>
<status status="PASS" start="2025-04-15T13:55:14.542148" elapsed="0.000901"/>
</kw>
<status status="PASS" start="2025-04-15T13:55:14.540921" elapsed="0.002128"/>
</branch>
<status status="PASS" start="2025-04-15T13:55:14.540921" elapsed="0.002128"/>
</if>
<if>
<branch type="IF" condition="&quot;&quot;&quot;c'est&quot;&quot;&quot; in &quot;&quot;&quot;${myString2}&quot;&quot;&quot;">
<kw name="Log Report And Console">
<kw name="Log" owner="BuiltIn">
<msg time="2025-04-15T13:55:14.544169" level="INFO">OK</msg>
<arg>${message}</arg>
<arg>level=${level}</arg>
<arg>console=True</arg>
<doc>Logs the given message with the given level.</doc>
<status status="PASS" start="2025-04-15T13:55:14.544169" elapsed="0.000530"/>
</kw>
<arg>OK</arg>
<status status="PASS" start="2025-04-15T13:55:14.543049" elapsed="0.001650"/>
</kw>
<status status="PASS" start="2025-04-15T13:55:14.543049" elapsed="0.001650"/>
</branch>
<status status="PASS" start="2025-04-15T13:55:14.543049" elapsed="0.001650"/>
</if>
<if>
<branch type="IF" condition="'un' in @{MANY_LIST}">
<kw name="Log Report And Console">
<kw name="Log" owner="BuiltIn">
<msg time="2025-04-15T13:55:14.546350" level="INFO">OK</msg>
<arg>${message}</arg>
<arg>level=${level}</arg>
<arg>console=True</arg>
<doc>Logs the given message with the given level.</doc>
<status status="PASS" start="2025-04-15T13:55:14.545821" elapsed="0.000529"/>
</kw>
<arg>OK</arg>
<status status="PASS" start="2025-04-15T13:55:14.545821" elapsed="0.000529"/>
</kw>
<status status="PASS" start="2025-04-15T13:55:14.544699" elapsed="0.001651"/>
</branch>
<status status="PASS" start="2025-04-15T13:55:14.544699" elapsed="0.001651"/>
</if>
<if>
<branch type="IF" condition="('un' in @{MANY_LIST} and ('${myString}' == 'X' or '${myString}' == 'TEST'))">
<kw name="Log Report And Console">
<kw name="Log" owner="BuiltIn">
<msg time="2025-04-15T13:55:14.548379" level="INFO">OK</msg>
<arg>${message}</arg>
<arg>level=${level}</arg>
<arg>console=True</arg>
<doc>Logs the given message with the given level.</doc>
<status status="PASS" start="2025-04-15T13:55:14.548379" elapsed="0.000000"/>
</kw>
<arg>OK</arg>
<status status="PASS" start="2025-04-15T13:55:14.547384" elapsed="0.000995"/>
</kw>
<status status="PASS" start="2025-04-15T13:55:14.547384" elapsed="0.000995"/>
</branch>
<status status="PASS" start="2025-04-15T13:55:14.547384" elapsed="0.000995"/>
</if>
<kw name="testTeardown" type="TEARDOWN">
<kw name="Log Report And Console">
<kw name="Log" owner="BuiltIn">
<msg time="2025-04-15T13:55:14.550525" level="INFO">Global Test Teardown</msg>
<arg>${message}</arg>
<arg>level=${level}</arg>
<arg>console=True</arg>
<doc>Logs the given message with the given level.</doc>
<status status="PASS" start="2025-04-15T13:55:14.550525" elapsed="0.000000"/>
</kw>
<arg>Global Test Teardown</arg>
<status status="PASS" start="2025-04-15T13:55:14.549362" elapsed="0.001163"/>
</kw>
<kw name="Log Report And Console">
<kw name="Log" owner="BuiltIn">
<msg time="2025-04-15T13:55:14.552009" level="INFO">PASS</msg>
<arg>${message}</arg>
<arg>level=${level}</arg>
<arg>console=True</arg>
<doc>Logs the given message with the given level.</doc>
<status status="PASS" start="2025-04-15T13:55:14.552009" elapsed="0.000000"/>
</kw>
<arg>${TEST STATUS}</arg>
<status status="PASS" start="2025-04-15T13:55:14.550525" elapsed="0.001484"/>
</kw>
<kw name="Log Report And Console">
<kw name="Log" owner="BuiltIn">
<msg time="2025-04-15T13:55:14.553331" level="INFO"/>
<arg>${message}</arg>
<arg>level=${level}</arg>
<arg>console=True</arg>
<doc>Logs the given message with the given level.</doc>
<status status="PASS" start="2025-04-15T13:55:14.553331" elapsed="0.000000"/>
</kw>
<arg>${TEST MESSAGE}</arg>
<status status="PASS" start="2025-04-15T13:55:14.553331" elapsed="0.001063"/>
</kw>
<if>
<branch type="IF" condition="'${TEST STATUS}' == 'PASS'">
<kw name="Set Test Message" owner="BuiltIn">
<msg time="2025-04-15T13:55:14.554394" level="INFO">Set test message to:
Test OK
On pourait mettre la synthèse des étapes/vérificarions effectuées</msg>
<arg>Test OK\nOn pourait mettre la synthèse des étapes/vérificarions effectuées</arg>
<doc>Sets message for the current test case.</doc>
<status status="PASS" start="2025-04-15T13:55:14.554394" elapsed="0.000000"/>
</kw>
<status status="PASS" start="2025-04-15T13:55:14.554394" elapsed="0.000000"/>
</branch>
<status status="PASS" start="2025-04-15T13:55:14.554394" elapsed="0.000000"/>
</if>
<status status="PASS" start="2025-04-15T13:55:14.549362" elapsed="0.005032"/>
</kw>
<doc>Utilisation des conditions
Les conditions sont des expressions python
Les résultats des conditions doivent renvoyer un booléen (True / False)
Voir les opérateurs ==, !=, &lt;, &gt;, &lt;=, &gt;=
Voir les opérateurs and et or pour de multiples conditions
Permet d'utiliser toutes les méthodes python d'évaluations / comparaisons
type("test").__name__ == "str"
isinstance("test", str)
isinstance(True, bool)
isinstance(5, int)
isinstance(3.1415, float)
isinstance(["kk", "yy", 5], list)</doc>
<tag>tnr</tag>
<status status="PASS" start="2025-04-15T13:55:14.522778" elapsed="0.032610">Test OK
On pourait mettre la synthèse des étapes/vérificarions effectuées</status>
</test>
<test id="s1-s1-t5" name="TC Run Keyword If And Set Variable" line="157">
<kw name="testSetup" type="SETUP">
<kw name="Log Report And Console">
<kw name="Log" owner="BuiltIn">
<msg time="2025-04-15T13:55:14.558522" level="INFO"/>
<arg>${message}</arg>
<arg>level=${level}</arg>
<arg>console=True</arg>
<doc>Logs the given message with the given level.</doc>
<status status="PASS" start="2025-04-15T13:55:14.558522" elapsed="0.000000"/>
</kw>
<arg>${EMPTY}</arg>
<status status="PASS" start="2025-04-15T13:55:14.557302" elapsed="0.001220"/>
</kw>
<kw name="Log Report And Console">
<kw name="Log" owner="BuiltIn">
<msg time="2025-04-15T13:55:14.559539" level="INFO">Global Test Setup</msg>
<arg>${message}</arg>
<arg>level=${level}</arg>
<arg>console=True</arg>
<doc>Logs the given message with the given level.</doc>
<status status="PASS" start="2025-04-15T13:55:14.559539" elapsed="0.000000"/>
</kw>
<arg>Global Test Setup</arg>
<status status="PASS" start="2025-04-15T13:55:14.558522" elapsed="0.001017"/>
</kw>
<status status="PASS" start="2025-04-15T13:55:14.557302" elapsed="0.003253"/>
</kw>
<if>
<branch type="IF" condition="${myNumber} &gt; 0">
<kw name="Set Variable" owner="BuiltIn">
<msg time="2025-04-15T13:55:14.560555" level="INFO">${myString1} = NEW_VALUE</msg>
<var>${myString1}</var>
<arg>NEW_VALUE</arg>
<doc>Returns the given values which can then be assigned to a variables.</doc>
<status status="PASS" start="2025-04-15T13:55:14.560555" elapsed="0.000000"/>
</kw>
<status status="PASS" start="2025-04-15T13:55:14.560555" elapsed="0.000000"/>
</branch>
<branch type="ELSE">
<kw name="Set Variable" owner="BuiltIn">
<var>${myString1}</var>
<arg>${None}</arg>
<doc>Returns the given values which can then be assigned to a variables.</doc>
<status status="NOT RUN" start="2025-04-15T13:55:14.560555" elapsed="0.001000"/>
</kw>
<status status="NOT RUN" start="2025-04-15T13:55:14.560555" elapsed="0.001000"/>
</branch>
<status status="PASS" start="2025-04-15T13:55:14.560555" elapsed="0.001000"/>
</if>
<if>
<branch type="IF" condition="${myNumber} &lt; 0">
<kw name="Set Variable" owner="BuiltIn">
<var>${myString1}</var>
<arg>NEW_VALUE</arg>
<doc>Returns the given values which can then be assigned to a variables.</doc>
<status status="NOT RUN" start="2025-04-15T13:55:14.561555" elapsed="0.000000"/>
</kw>
<status status="NOT RUN" start="2025-04-15T13:55:14.561555" elapsed="0.000000"/>
</branch>
<branch type="ELSE">
<kw name="Set Variable" owner="BuiltIn">
<msg time="2025-04-15T13:55:14.562593" level="INFO">${myString1} = None</msg>
<var>${myString1}</var>
<arg>${None}</arg>
<doc>Returns the given values which can then be assigned to a variables.</doc>
<status status="PASS" start="2025-04-15T13:55:14.561555" elapsed="0.001038"/>
</kw>
<status status="PASS" start="2025-04-15T13:55:14.561555" elapsed="0.001038"/>
</branch>
<status status="PASS" start="2025-04-15T13:55:14.561555" elapsed="0.001038"/>
</if>
<if>
<branch type="IF" condition="${FALSE}">
<kw name="Set Variable" owner="BuiltIn">
<var>${myString1}</var>
<arg>NEW_VALUE</arg>
<doc>Returns the given values which can then be assigned to a variables.</doc>
<status status="NOT RUN" start="2025-04-15T13:55:14.562593" elapsed="0.000000"/>
</kw>
<status status="NOT RUN" start="2025-04-15T13:55:14.562593" elapsed="0.000000"/>
</branch>
<branch type="ELSE">
<kw name="Set Variable" owner="BuiltIn">
<msg time="2025-04-15T13:55:14.563594" level="INFO">${myString1} = None</msg>
<var>${myString1}</var>
<arg>${myString1}</arg>
<doc>Returns the given values which can then be assigned to a variables.</doc>
<status status="PASS" start="2025-04-15T13:55:14.562593" elapsed="0.001001"/>
</kw>
<status status="PASS" start="2025-04-15T13:55:14.562593" elapsed="0.001001"/>
</branch>
<status status="PASS" start="2025-04-15T13:55:14.562593" elapsed="0.001001"/>
</if>
<if>
<branch type="IF" condition="${FALSE}">
<kw name="Set Variable" owner="BuiltIn">
<var>${myString1}</var>
<arg>NEW_VALUE</arg>
<doc>Returns the given values which can then be assigned to a variables.</doc>
<status status="NOT RUN" start="2025-04-15T13:55:14.563594" elapsed="0.000000"/>
</kw>
<status status="NOT RUN" start="2025-04-15T13:55:14.563594" elapsed="0.000000"/>
</branch>
<branch type="ELSE">
<kw name="Set Variable" owner="BuiltIn">
<msg time="2025-04-15T13:55:14.563594" level="INFO">${myString1} = SECOND_VALUE</msg>
<var>${myString1}</var>
<arg>SECOND_VALUE</arg>
<doc>Returns the given values which can then be assigned to a variables.</doc>
<status status="PASS" start="2025-04-15T13:55:14.563594" elapsed="0.000000"/>
</kw>
<status status="PASS" start="2025-04-15T13:55:14.563594" elapsed="0.001000"/>
</branch>
<status status="PASS" start="2025-04-15T13:55:14.563594" elapsed="0.001000"/>
</if>
<if>
<branch type="IF" condition="${True}">
<kw name="test_return">
<return>
<value>XXXXXXX</value>
<status status="PASS" start="2025-04-15T13:55:14.564594" elapsed="0.000000"/>
</return>
<msg time="2025-04-15T13:55:14.565573" level="INFO">${myTestFalse} = XXXXXXX</msg>
<var>${myTestFalse}</var>
<status status="PASS" start="2025-04-15T13:55:14.564594" elapsed="0.000979"/>
</kw>
<status status="PASS" start="2025-04-15T13:55:14.564594" elapsed="0.000979"/>
</branch>
<branch type="ELSE">
<kw name="Set Variable" owner="BuiltIn">
<var>${myTestFalse}</var>
<arg>${None}</arg>
<doc>Returns the given values which can then be assigned to a variables.</doc>
<status status="NOT RUN" start="2025-04-15T13:55:14.565573" elapsed="0.000000"/>
</kw>
<status status="NOT RUN" start="2025-04-15T13:55:14.565573" elapsed="0.000000"/>
</branch>
<status status="PASS" start="2025-04-15T13:55:14.564594" elapsed="0.000979"/>
</if>
<if>
<branch type="IF" condition="${False}">
<kw name="test_return">
<var>${myTestTrue}</var>
<status status="NOT RUN" start="2025-04-15T13:55:14.566594" elapsed="0.000000"/>
</kw>
<status status="NOT RUN" start="2025-04-15T13:55:14.565573" elapsed="0.001021"/>
</branch>
<branch type="ELSE">
<kw name="Set Variable" owner="BuiltIn">
<msg time="2025-04-15T13:55:14.566594" level="INFO">${myTestTrue} = NULL</msg>
<var>${myTestTrue}</var>
<arg>NULL</arg>
<doc>Returns the given values which can then be assigned to a variables.</doc>
<status status="PASS" start="2025-04-15T13:55:14.566594" elapsed="0.000000"/>
</kw>
<status status="PASS" start="2025-04-15T13:55:14.566594" elapsed="0.000000"/>
</branch>
<status status="PASS" start="2025-04-15T13:55:14.565573" elapsed="0.001021"/>
</if>
<kw name="testTeardown" type="TEARDOWN">
<kw name="Log Report And Console">
<kw name="Log" owner="BuiltIn">
<msg time="2025-04-15T13:55:14.568649" level="INFO">Global Test Teardown</msg>
<arg>${message}</arg>
<arg>level=${level}</arg>
<arg>console=True</arg>
<doc>Logs the given message with the given level.</doc>
<status status="PASS" start="2025-04-15T13:55:14.568649" elapsed="0.001017"/>
</kw>
<arg>Global Test Teardown</arg>
<status status="PASS" start="2025-04-15T13:55:14.568649" elapsed="0.001017"/>
</kw>
<kw name="Log Report And Console">
<kw name="Log" owner="BuiltIn">
<msg time="2025-04-15T13:55:14.569666" level="INFO">PASS</msg>
<arg>${message}</arg>
<arg>level=${level}</arg>
<arg>console=True</arg>
<doc>Logs the given message with the given level.</doc>
<status status="PASS" start="2025-04-15T13:55:14.569666" elapsed="0.001016"/>
</kw>
<arg>${TEST STATUS}</arg>
<status status="PASS" start="2025-04-15T13:55:14.569666" elapsed="0.001016"/>
</kw>
<kw name="Log Report And Console">
<kw name="Log" owner="BuiltIn">
<msg time="2025-04-15T13:55:14.571664" level="INFO"/>
<arg>${message}</arg>
<arg>level=${level}</arg>
<arg>console=True</arg>
<doc>Logs the given message with the given level.</doc>
<status status="PASS" start="2025-04-15T13:55:14.570682" elapsed="0.000982"/>
</kw>
<arg>${TEST MESSAGE}</arg>
<status status="PASS" start="2025-04-15T13:55:14.570682" elapsed="0.000982"/>
</kw>
<if>
<branch type="IF" condition="'${TEST STATUS}' == 'PASS'">
<kw name="Set Test Message" owner="BuiltIn">
<msg time="2025-04-15T13:55:14.572669" level="INFO">Set test message to:
Test OK
On pourait mettre la synthèse des étapes/vérificarions effectuées</msg>
<arg>Test OK\nOn pourait mettre la synthèse des étapes/vérificarions effectuées</arg>
<doc>Sets message for the current test case.</doc>
<status status="PASS" start="2025-04-15T13:55:14.572669" elapsed="0.000000"/>
</kw>
<status status="PASS" start="2025-04-15T13:55:14.571664" elapsed="0.001005"/>
</branch>
<status status="PASS" start="2025-04-15T13:55:14.571664" elapsed="0.001005"/>
</if>
<status status="PASS" start="2025-04-15T13:55:14.567573" elapsed="0.005096"/>
</kw>
<doc>Combiner deux keywords Run Keyword If et Set Variable</doc>
<tag>tnr</tag>
<status status="PASS" start="2025-04-15T13:55:14.556197" elapsed="0.016472">Test OK
On pourait mettre la synthèse des étapes/vérificarions effectuées</status>
</test>
<test id="s1-s1-t6" name="TC Set Variable If" line="195">
<kw name="testSetup" type="SETUP">
<kw name="Log Report And Console">
<kw name="Log" owner="BuiltIn">
<msg time="2025-04-15T13:55:14.576094" level="INFO"/>
<arg>${message}</arg>
<arg>level=${level}</arg>
<arg>console=True</arg>
<doc>Logs the given message with the given level.</doc>
<status status="PASS" start="2025-04-15T13:55:14.576094" elapsed="0.000000"/>
</kw>
<arg>${EMPTY}</arg>
<status status="PASS" start="2025-04-15T13:55:14.574994" elapsed="0.001100"/>
</kw>
<kw name="Log Report And Console">
<kw name="Log" owner="BuiltIn">
<msg time="2025-04-15T13:55:14.577112" level="INFO">Global Test Setup</msg>
<arg>${message}</arg>
<arg>level=${level}</arg>
<arg>console=True</arg>
<doc>Logs the given message with the given level.</doc>
<status status="PASS" start="2025-04-15T13:55:14.577112" elapsed="0.000000"/>
</kw>
<arg>Global Test Setup</arg>
<status status="PASS" start="2025-04-15T13:55:14.577112" elapsed="0.000998"/>
</kw>
<status status="PASS" start="2025-04-15T13:55:14.574994" elapsed="0.003116"/>
</kw>
<kw name="Set Variable If" owner="BuiltIn">
<msg time="2025-04-15T13:55:14.578110" level="INFO">${myString1} = VALUE_TRUE</msg>
<var>${myString1}</var>
<arg>${TRUE}</arg>
<arg>VALUE_TRUE</arg>
<arg>VALUE_FALSE</arg>
<doc>Sets variable based on the given condition.</doc>
<status status="PASS" start="2025-04-15T13:55:14.578110" elapsed="0.000000"/>
</kw>
<kw name="Set Variable If" owner="BuiltIn">
<msg time="2025-04-15T13:55:14.579131" level="INFO">${myString1} = None</msg>
<var>${myString1}</var>
<arg>${FALSE}</arg>
<arg>VALUE_TRUE</arg>
<doc>Sets variable based on the given condition.</doc>
<status status="PASS" start="2025-04-15T13:55:14.579131" elapsed="0.000000"/>
</kw>
<kw name="Set Variable If" owner="BuiltIn">
<msg time="2025-04-15T13:55:14.579131" level="INFO">${myString1} = VALUE_FALSE</msg>
<var>${myString1}</var>
<arg>${FALSE}</arg>
<arg>VALUE_TRUE</arg>
<arg>VALUE_FALSE</arg>
<doc>Sets variable based on the given condition.</doc>
<status status="PASS" start="2025-04-15T13:55:14.579131" elapsed="0.000000"/>
</kw>
<kw name="Set Variable If" owner="BuiltIn">
<msg time="2025-04-15T13:55:14.580114" level="INFO">${myString1} = VALUE_FALSE</msg>
<var>${myString1}</var>
<arg>${FALSE}</arg>
<arg>VALUE_TRUE</arg>
<arg>${myString1}</arg>
<doc>Sets variable based on the given condition.</doc>
<status status="PASS" start="2025-04-15T13:55:14.580114" elapsed="0.000000"/>
</kw>
<kw name="testTeardown" type="TEARDOWN">
<kw name="Log Report And Console">
<kw name="Log" owner="BuiltIn">
<msg time="2025-04-15T13:55:14.582127" level="INFO">Global Test Teardown</msg>
<arg>${message}</arg>
<arg>level=${level}</arg>
<arg>console=True</arg>
<doc>Logs the given message with the given level.</doc>
<status status="PASS" start="2025-04-15T13:55:14.581131" elapsed="0.002014"/>
</kw>
<arg>Global Test Teardown</arg>
<status status="PASS" start="2025-04-15T13:55:14.581131" elapsed="0.002014"/>
</kw>
<kw name="Log Report And Console">
<kw name="Log" owner="BuiltIn">
<msg time="2025-04-15T13:55:14.584164" level="INFO">PASS</msg>
<arg>${message}</arg>
<arg>level=${level}</arg>
<arg>console=True</arg>
<doc>Logs the given message with the given level.</doc>
<status status="PASS" start="2025-04-15T13:55:14.584164" elapsed="0.000000"/>
</kw>
<arg>${TEST STATUS}</arg>
<status status="PASS" start="2025-04-15T13:55:14.583145" elapsed="0.001019"/>
</kw>
<kw name="Log Report And Console">
<kw name="Log" owner="BuiltIn">
<msg time="2025-04-15T13:55:14.585144" level="INFO"/>
<arg>${message}</arg>
<arg>level=${level}</arg>
<arg>console=True</arg>
<doc>Logs the given message with the given level.</doc>
<status status="PASS" start="2025-04-15T13:55:14.585144" elapsed="0.001022"/>
</kw>
<arg>${TEST MESSAGE}</arg>
<status status="PASS" start="2025-04-15T13:55:14.585144" elapsed="0.001022"/>
</kw>
<if>
<branch type="IF" condition="'${TEST STATUS}' == 'PASS'">
<kw name="Set Test Message" owner="BuiltIn">
<msg time="2025-04-15T13:55:14.586166" level="INFO">Set test message to:
Test OK
On pourait mettre la synthèse des étapes/vérificarions effectuées</msg>
<arg>Test OK\nOn pourait mettre la synthèse des étapes/vérificarions effectuées</arg>
<doc>Sets message for the current test case.</doc>
<status status="PASS" start="2025-04-15T13:55:14.586166" elapsed="0.000000"/>
</kw>
<status status="PASS" start="2025-04-15T13:55:14.586166" elapsed="0.000000"/>
</branch>
<status status="PASS" start="2025-04-15T13:55:14.586166" elapsed="0.000000"/>
</if>
<status status="PASS" start="2025-04-15T13:55:14.580114" elapsed="0.007286"/>
</kw>
<doc>Plus simple pour assigner une variable suivant une condition, le second paramètre remplace le ELSE</doc>
<tag>tnr</tag>
<status status="PASS" start="2025-04-15T13:55:14.573680" elapsed="0.013720">Test OK
On pourait mettre la synthèse des étapes/vérificarions effectuées</status>
</test>
<test id="s1-s1-t7" name="TC Should Contain PASS" line="202">
<kw name="testSetup" type="SETUP">
<kw name="Log Report And Console">
<kw name="Log" owner="BuiltIn">
<msg time="2025-04-15T13:55:14.589682" level="INFO"/>
<arg>${message}</arg>
<arg>level=${level}</arg>
<arg>console=True</arg>
<doc>Logs the given message with the given level.</doc>
<status status="PASS" start="2025-04-15T13:55:14.589682" elapsed="0.001453"/>
</kw>
<arg>${EMPTY}</arg>
<status status="PASS" start="2025-04-15T13:55:14.589682" elapsed="0.001453"/>
</kw>
<kw name="Log Report And Console">
<kw name="Log" owner="BuiltIn">
<msg time="2025-04-15T13:55:14.592199" level="INFO">Global Test Setup</msg>
<arg>${message}</arg>
<arg>level=${level}</arg>
<arg>console=True</arg>
<doc>Logs the given message with the given level.</doc>
<status status="PASS" start="2025-04-15T13:55:14.591135" elapsed="0.001064"/>
</kw>
<arg>Global Test Setup</arg>
<status status="PASS" start="2025-04-15T13:55:14.591135" elapsed="0.001064"/>
</kw>
<status status="PASS" start="2025-04-15T13:55:14.588553" elapsed="0.003646"/>
</kw>
<kw name="Should Be Equal" owner="BuiltIn">
<arg>${myString}</arg>
<arg>${myString}</arg>
<doc>Fails if the given objects are unequal.</doc>
<status status="PASS" start="2025-04-15T13:55:14.592199" elapsed="0.000000"/>
</kw>
<kw name="Should Be Equal" owner="BuiltIn">
<arg>TEST</arg>
<arg>test</arg>
<arg>ignore_case=True</arg>
<doc>Fails if the given objects are unequal.</doc>
<status status="PASS" start="2025-04-15T13:55:14.593584" elapsed="0.000000"/>
</kw>
<kw name="Should Be Equal As Strings" owner="BuiltIn">
<arg>${myString}</arg>
<arg>${myString}</arg>
<doc>Fails if objects are unequal after converting them to strings.</doc>
<status status="PASS" start="2025-04-15T13:55:14.593584" elapsed="0.000000"/>
</kw>
<kw name="Should Be Equal As Integers" owner="BuiltIn">
<arg>${myNumber}</arg>
<arg>${myNumber}</arg>
<doc>Fails if objects are unequal after converting them to integers.</doc>
<status status="PASS" start="2025-04-15T13:55:14.593584" elapsed="0.000000"/>
</kw>
<kw name="testTeardown" type="TEARDOWN">
<kw name="Log Report And Console">
<kw name="Log" owner="BuiltIn">
<msg time="2025-04-15T13:55:14.596091" level="INFO">Global Test Teardown</msg>
<arg>${message}</arg>
<arg>level=${level}</arg>
<arg>console=True</arg>
<doc>Logs the given message with the given level.</doc>
<status status="PASS" start="2025-04-15T13:55:14.595012" elapsed="0.001079"/>
</kw>
<arg>Global Test Teardown</arg>
<status status="PASS" start="2025-04-15T13:55:14.595012" elapsed="0.001079"/>
</kw>
<kw name="Log Report And Console">
<kw name="Log" owner="BuiltIn">
<msg time="2025-04-15T13:55:14.597462" level="INFO">PASS</msg>
<arg>${message}</arg>
<arg>level=${level}</arg>
<arg>console=True</arg>
<doc>Logs the given message with the given level.</doc>
<status status="PASS" start="2025-04-15T13:55:14.596091" elapsed="0.001371"/>
</kw>
<arg>${TEST STATUS}</arg>
<status status="PASS" start="2025-04-15T13:55:14.596091" elapsed="0.001371"/>
</kw>
<kw name="Log Report And Console">
<kw name="Log" owner="BuiltIn">
<msg time="2025-04-15T13:55:14.599021" level="INFO"/>
<arg>${message}</arg>
<arg>level=${level}</arg>
<arg>console=True</arg>
<doc>Logs the given message with the given level.</doc>
<status status="PASS" start="2025-04-15T13:55:14.598512" elapsed="0.000509"/>
</kw>
<arg>${TEST MESSAGE}</arg>
<status status="PASS" start="2025-04-15T13:55:14.597462" elapsed="0.001559"/>
</kw>
<if>
<branch type="IF" condition="'${TEST STATUS}' == 'PASS'">
<kw name="Set Test Message" owner="BuiltIn">
<msg time="2025-04-15T13:55:14.600177" level="INFO">Set test message to:
Test OK
On pourait mettre la synthèse des étapes/vérificarions effectuées</msg>
<arg>Test OK\nOn pourait mettre la synthèse des étapes/vérificarions effectuées</arg>
<doc>Sets message for the current test case.</doc>
<status status="PASS" start="2025-04-15T13:55:14.599021" elapsed="0.001156"/>
</kw>
<status status="PASS" start="2025-04-15T13:55:14.599021" elapsed="0.001156"/>
</branch>
<status status="PASS" start="2025-04-15T13:55:14.599021" elapsed="0.001156"/>
</if>
<status status="PASS" start="2025-04-15T13:55:14.595012" elapsed="0.005165"/>
</kw>
<doc>Les keywords commençant par Should permettent de mettre des points de vérification</doc>
<tag>tnr</tag>
<status status="PASS" start="2025-04-15T13:55:14.588553" elapsed="0.011624">Test OK
On pourait mettre la synthèse des étapes/vérificarions effectuées</status>
</test>
<test id="s1-s1-t8" name="TC Should Contain FAIL1" line="209">
<kw name="testSetup" type="SETUP">
<kw name="Log Report And Console">
<kw name="Log" owner="BuiltIn">
<msg time="2025-04-15T13:55:14.604715" level="INFO"/>
<arg>${message}</arg>
<arg>level=${level}</arg>
<arg>console=True</arg>
<doc>Logs the given message with the given level.</doc>
<status status="PASS" start="2025-04-15T13:55:14.603678" elapsed="0.001037"/>
</kw>
<arg>${EMPTY}</arg>
<status status="PASS" start="2025-04-15T13:55:14.602241" elapsed="0.002474"/>
</kw>
<kw name="Log Report And Console">
<kw name="Log" owner="BuiltIn">
<msg time="2025-04-15T13:55:14.606101" level="INFO">Global Test Setup</msg>
<arg>${message}</arg>
<arg>level=${level}</arg>
<arg>console=True</arg>
<doc>Logs the given message with the given level.</doc>
<status status="PASS" start="2025-04-15T13:55:14.604715" elapsed="0.001386"/>
</kw>
<arg>Global Test Setup</arg>
<status status="PASS" start="2025-04-15T13:55:14.604715" elapsed="0.001386"/>
</kw>
<status status="PASS" start="2025-04-15T13:55:14.602241" elapsed="0.003860"/>
</kw>
<kw name="Should Be Equal" owner="BuiltIn">
<msg time="2025-04-15T13:55:14.607135" level="INFO">Argument types are:
&lt;class 'int'&gt;
&lt;class 'str'&gt;</msg>
<msg time="2025-04-15T13:55:14.607135" level="FAIL">2 != TEST</msg>
<arg>${myNumber}</arg>
<arg>${myString}</arg>
<doc>Fails if the given objects are unequal.</doc>
<status status="FAIL" start="2025-04-15T13:55:14.606101" elapsed="0.001034">2 != TEST</status>
</kw>
<kw name="testTeardown" type="TEARDOWN">
<kw name="Log Report And Console">
<kw name="Log" owner="BuiltIn">
<msg time="2025-04-15T13:55:14.608678" level="INFO">Global Test Teardown</msg>
<arg>${message}</arg>
<arg>level=${level}</arg>
<arg>console=True</arg>
<doc>Logs the given message with the given level.</doc>
<status status="PASS" start="2025-04-15T13:55:14.608678" elapsed="0.000000"/>
</kw>
<arg>Global Test Teardown</arg>
<status status="PASS" start="2025-04-15T13:55:14.607648" elapsed="0.001030"/>
</kw>
<kw name="Log Report And Console">
<kw name="Log" owner="BuiltIn">
<msg time="2025-04-15T13:55:14.609678" level="INFO">FAIL</msg>
<arg>${message}</arg>
<arg>level=${level}</arg>
<arg>console=True</arg>
<doc>Logs the given message with the given level.</doc>
<status status="PASS" start="2025-04-15T13:55:14.609678" elapsed="0.000000"/>
</kw>
<arg>${TEST STATUS}</arg>
<status status="PASS" start="2025-04-15T13:55:14.608678" elapsed="0.001978"/>
</kw>
<kw name="Log Report And Console">
<kw name="Log" owner="BuiltIn">
<msg time="2025-04-15T13:55:14.610656" level="INFO">2 != TEST</msg>
<arg>${message}</arg>
<arg>level=${level}</arg>
<arg>console=True</arg>
<doc>Logs the given message with the given level.</doc>
<status status="PASS" start="2025-04-15T13:55:14.610656" elapsed="0.001021"/>
</kw>
<arg>${TEST MESSAGE}</arg>
<status status="PASS" start="2025-04-15T13:55:14.610656" elapsed="0.001021"/>
</kw>
<if>
<branch type="IF" condition="'${TEST STATUS}' == 'PASS'">
<kw name="Set Test Message" owner="BuiltIn">
<arg>Test OK\nOn pourait mettre la synthèse des étapes/vérificarions effectuées</arg>
<doc>Sets message for the current test case.</doc>
<status status="NOT RUN" start="2025-04-15T13:55:14.611677" elapsed="0.000000"/>
</kw>
<status status="NOT RUN" start="2025-04-15T13:55:14.611677" elapsed="0.000000"/>
</branch>
<status status="PASS" start="2025-04-15T13:55:14.611677" elapsed="0.000000"/>
</if>
<status status="PASS" start="2025-04-15T13:55:14.607648" elapsed="0.004029"/>
</kw>
<doc>Les keywords commençant par Should permettent de mettre des points de vérification
Si la condition est fausse, l'instruction est en erreur et cela arrête le test en mettant un statut FAIL et en affichant l'erreur</doc>
<tag>tnr</tag>
<status status="FAIL" start="2025-04-15T13:55:14.601193" elapsed="0.011697">2 != TEST</status>
</test>
<test id="s1-s1-t9" name="TC Should Contain FAIL2" line="214">
<kw name="testSetup" type="SETUP">
<kw name="Log Report And Console">
<kw name="Log" owner="BuiltIn">
<msg time="2025-04-15T13:55:14.615902" level="INFO"/>
<arg>${message}</arg>
<arg>level=${level}</arg>
<arg>console=True</arg>
<doc>Logs the given message with the given level.</doc>
<status status="PASS" start="2025-04-15T13:55:14.615902" elapsed="0.000000"/>
</kw>
<arg>${EMPTY}</arg>
<status status="PASS" start="2025-04-15T13:55:14.614919" elapsed="0.000983"/>
</kw>
<kw name="Log Report And Console">
<kw name="Log" owner="BuiltIn">
<msg time="2025-04-15T13:55:14.617155" level="INFO">Global Test Setup</msg>
<arg>${message}</arg>
<arg>level=${level}</arg>
<arg>console=True</arg>
<doc>Logs the given message with the given level.</doc>
<status status="PASS" start="2025-04-15T13:55:14.617155" elapsed="0.001081"/>
</kw>
<arg>Global Test Setup</arg>
<status status="PASS" start="2025-04-15T13:55:14.615902" elapsed="0.002334"/>
</kw>
<status status="PASS" start="2025-04-15T13:55:14.613919" elapsed="0.004317"/>
</kw>
<kw name="Should Be Equal As Integers" owner="BuiltIn">
<msg time="2025-04-15T13:55:14.619249" level="INFO">Argument types are:
&lt;class 'int'&gt;
&lt;class 'str'&gt;</msg>
<msg time="2025-04-15T13:55:14.619249" level="FAIL">'TEST' cannot be converted to an integer: ValueError: invalid literal for int() with base 10: 'test'</msg>
<arg>${myNumber}</arg>
<arg>${myString}</arg>
<doc>Fails if objects are unequal after converting them to integers.</doc>
<status status="FAIL" start="2025-04-15T13:55:14.618236" elapsed="0.001013">'TEST' cannot be converted to an integer: ValueError: invalid literal for int() with base 10: 'test'</status>
</kw>
<kw name="testTeardown" type="TEARDOWN">
<kw name="Log Report And Console">
<kw name="Log" owner="BuiltIn">
<msg time="2025-04-15T13:55:14.621268" level="INFO">Global Test Teardown</msg>
<arg>${message}</arg>
<arg>level=${level}</arg>
<arg>console=True</arg>
<doc>Logs the given message with the given level.</doc>
<status status="PASS" start="2025-04-15T13:55:14.620249" elapsed="0.001019"/>
</kw>
<arg>Global Test Teardown</arg>
<status status="PASS" start="2025-04-15T13:55:14.620249" elapsed="0.001019"/>
</kw>
<kw name="Log Report And Console">
<kw name="Log" owner="BuiltIn">
<msg time="2025-04-15T13:55:14.622249" level="INFO">FAIL</msg>
<arg>${message}</arg>
<arg>level=${level}</arg>
<arg>console=True</arg>
<doc>Logs the given message with the given level.</doc>
<status status="PASS" start="2025-04-15T13:55:14.622249" elapsed="0.000000"/>
</kw>
<arg>${TEST STATUS}</arg>
<status status="PASS" start="2025-04-15T13:55:14.621268" elapsed="0.000981"/>
</kw>
<kw name="Log Report And Console">
<kw name="Log" owner="BuiltIn">
<msg time="2025-04-15T13:55:14.623655" level="INFO">'TEST' cannot be converted to an integer: ValueError: invalid literal for int() with base 10: 'test'</msg>
<arg>${message}</arg>
<arg>level=${level}</arg>
<arg>console=True</arg>
<doc>Logs the given message with the given level.</doc>
<status status="PASS" start="2025-04-15T13:55:14.623655" elapsed="0.000000"/>
</kw>
<arg>${TEST MESSAGE}</arg>
<status status="PASS" start="2025-04-15T13:55:14.622249" elapsed="0.002414"/>
</kw>
<if>
<branch type="IF" condition="'${TEST STATUS}' == 'PASS'">
<kw name="Set Test Message" owner="BuiltIn">
<arg>Test OK\nOn pourait mettre la synthèse des étapes/vérificarions effectuées</arg>
<doc>Sets message for the current test case.</doc>
<status status="NOT RUN" start="2025-04-15T13:55:14.624663" elapsed="0.000000"/>
</kw>
<status status="NOT RUN" start="2025-04-15T13:55:14.624663" elapsed="0.000000"/>
</branch>
<status status="PASS" start="2025-04-15T13:55:14.624663" elapsed="0.000000"/>
</if>
<status status="PASS" start="2025-04-15T13:55:14.620249" elapsed="0.004414"/>
</kw>
<doc>Les keywords commençant par Should permettent de mettre des points de vérification
Si la condition est fausse, l'instruction est en erreur et cela arrête le test en mettant un statut FAIL et en affichant l'erreur</doc>
<tag>tnr</tag>
<status status="FAIL" start="2025-04-15T13:55:14.612890" elapsed="0.011773">'TEST' cannot be converted to an integer: ValueError: invalid literal for int() with base 10: 'test'</status>
</test>
<test id="s1-s1-t10" name="TC Should Contain FAIL3" line="219">
<kw name="testSetup" type="SETUP">
<kw name="Log Report And Console">
<kw name="Log" owner="BuiltIn">
<msg time="2025-04-15T13:55:14.628681" level="INFO"/>
<arg>${message}</arg>
<arg>level=${level}</arg>
<arg>console=True</arg>
<doc>Logs the given message with the given level.</doc>
<status status="PASS" start="2025-04-15T13:55:14.628681" elapsed="0.000000"/>
</kw>
<arg>${EMPTY}</arg>
<status status="PASS" start="2025-04-15T13:55:14.627681" elapsed="0.001000"/>
</kw>
<kw name="Log Report And Console">
<kw name="Log" owner="BuiltIn">
<msg time="2025-04-15T13:55:14.629681" level="INFO">Global Test Setup</msg>
<arg>${message}</arg>
<arg>level=${level}</arg>
<arg>console=True</arg>
<doc>Logs the given message with the given level.</doc>
<status status="PASS" start="2025-04-15T13:55:14.629681" elapsed="0.000000"/>
</kw>
<arg>Global Test Setup</arg>
<status status="PASS" start="2025-04-15T13:55:14.628681" elapsed="0.002005"/>
</kw>
<status status="PASS" start="2025-04-15T13:55:14.626683" elapsed="0.004003"/>
</kw>
<kw name="Should Be Equal" owner="BuiltIn">
<msg time="2025-04-15T13:55:14.630686" level="INFO">Argument types are:
&lt;class 'int'&gt;
&lt;class 'str'&gt;</msg>
<msg time="2025-04-15T13:55:14.631687" level="FAIL">Les deux valeurs sont différentes : 2 &lt;&gt; TEST</msg>
<arg>${myNumber}</arg>
<arg>${myString}</arg>
<arg>msg=Les deux valeurs sont différentes : ${myNumber} &lt;&gt; ${myString}</arg>
<arg>values=False</arg>
<doc>Fails if the given objects are unequal.</doc>
<status status="FAIL" start="2025-04-15T13:55:14.630686" elapsed="0.001001">Les deux valeurs sont différentes : 2 &lt;&gt; TEST</status>
</kw>
<kw name="testTeardown" type="TEARDOWN">
<kw name="Log Report And Console">
<kw name="Log" owner="BuiltIn">
<msg time="2025-04-15T13:55:14.632687" level="INFO">Global Test Teardown</msg>
<arg>${message}</arg>
<arg>level=${level}</arg>
<arg>console=True</arg>
<doc>Logs the given message with the given level.</doc>
<status status="PASS" start="2025-04-15T13:55:14.632687" elapsed="0.000000"/>
</kw>
<arg>Global Test Teardown</arg>
<status status="PASS" start="2025-04-15T13:55:14.632687" elapsed="0.000000"/>
</kw>
<kw name="Log Report And Console">
<kw name="Log" owner="BuiltIn">
<msg time="2025-04-15T13:55:14.635055" level="INFO">FAIL</msg>
<arg>${message}</arg>
<arg>level=${level}</arg>
<arg>console=True</arg>
<doc>Logs the given message with the given level.</doc>
<status status="PASS" start="2025-04-15T13:55:14.634047" elapsed="0.001008"/>
</kw>
<arg>${TEST STATUS}</arg>
<status status="PASS" start="2025-04-15T13:55:14.634047" elapsed="0.001008"/>
</kw>
<kw name="Log Report And Console">
<kw name="Log" owner="BuiltIn">
<msg time="2025-04-15T13:55:14.637459" level="INFO">Les deux valeurs sont différentes : 2 &lt;&gt; TEST</msg>
<arg>${message}</arg>
<arg>level=${level}</arg>
<arg>console=True</arg>
<doc>Logs the given message with the given level.</doc>
<status status="PASS" start="2025-04-15T13:55:14.636057" elapsed="0.001402"/>
</kw>
<arg>${TEST MESSAGE}</arg>
<status status="PASS" start="2025-04-15T13:55:14.636057" elapsed="0.001402"/>
</kw>
<if>
<branch type="IF" condition="'${TEST STATUS}' == 'PASS'">
<kw name="Set Test Message" owner="BuiltIn">
<arg>Test OK\nOn pourait mettre la synthèse des étapes/vérificarions effectuées</arg>
<doc>Sets message for the current test case.</doc>
<status status="NOT RUN" start="2025-04-15T13:55:14.637459" elapsed="0.000000"/>
</kw>
<status status="NOT RUN" start="2025-04-15T13:55:14.637459" elapsed="0.001301"/>
</branch>
<status status="PASS" start="2025-04-15T13:55:14.637459" elapsed="0.001301"/>
</if>
<status status="PASS" start="2025-04-15T13:55:14.631687" elapsed="0.007073"/>
</kw>
<doc>Les keywords commençant par Should permettent de mettre des points de vérification
Si la condition est fausse, l'instruction est en erreur et cela arrête le test en mettant un statut FAIL et en affichant l'erreur
On peut définir notre propre message msg=message spécifique    values=False pour ne pas afficher le résultat standard de comparaison</doc>
<tag>tnr</tag>
<status status="FAIL" start="2025-04-15T13:55:14.625682" elapsed="0.013078">Les deux valeurs sont différentes : 2 &lt;&gt; TEST</status>
</test>
<test id="s1-s1-t11" name="TC Run Keyword And Return Status" line="229">
<kw name="testSetup" type="SETUP">
<kw name="Log Report And Console">
<kw name="Log" owner="BuiltIn">
<msg time="2025-04-15T13:55:14.641930" level="INFO"/>
<arg>${message}</arg>
<arg>level=${level}</arg>
<arg>console=True</arg>
<doc>Logs the given message with the given level.</doc>
<status status="PASS" start="2025-04-15T13:55:14.641930" elapsed="0.001007"/>
</kw>
<arg>${EMPTY}</arg>
<status status="PASS" start="2025-04-15T13:55:14.640900" elapsed="0.002037"/>
</kw>
<kw name="Log Report And Console">
<kw name="Log" owner="BuiltIn">
<msg time="2025-04-15T13:55:14.642937" level="INFO">Global Test Setup</msg>
<arg>${message}</arg>
<arg>level=${level}</arg>
<arg>console=True</arg>
<doc>Logs the given message with the given level.</doc>
<status status="PASS" start="2025-04-15T13:55:14.642937" elapsed="0.001359"/>
</kw>
<arg>Global Test Setup</arg>
<status status="PASS" start="2025-04-15T13:55:14.642937" elapsed="0.001359"/>
</kw>
<status status="PASS" start="2025-04-15T13:55:14.640900" elapsed="0.003396"/>
</kw>
<kw name="Run Keyword And Return Status" owner="BuiltIn">
<kw name="Should Contain" owner="BuiltIn">
<arg>${myString1}</arg>
<arg>VALUE</arg>
<doc>Fails if ``container`` does not contain ``item`` one or more times.</doc>
<status status="PASS" start="2025-04-15T13:55:14.644296" elapsed="0.001028"/>
</kw>
<msg time="2025-04-15T13:55:14.645324" level="INFO">${contains} = True</msg>
<var>${contains}</var>
<arg>BuiltIn.Should Contain</arg>
<arg>${myString1}</arg>
<arg>VALUE</arg>
<doc>Runs the given keyword with given arguments and returns the status as a Boolean value.</doc>
<status status="PASS" start="2025-04-15T13:55:14.644296" elapsed="0.001028"/>
</kw>
<kw name="Run Keyword And Return Status" owner="BuiltIn">
<kw name="Should Be Equal As Strings" owner="BuiltIn">
<msg time="2025-04-15T13:55:14.645324" level="FAIL">first != second</msg>
<arg>first</arg>
<arg>second</arg>
<doc>Fails if objects are unequal after converting them to strings.</doc>
<status status="FAIL" start="2025-04-15T13:55:14.645324" elapsed="0.001199">first != second</status>
</kw>
<msg time="2025-04-15T13:55:14.646523" level="INFO">${status} = False</msg>
<var>${status}</var>
<arg>BuiltIn.Should Be Equal As Strings</arg>
<arg>first</arg>
<arg>second</arg>
<doc>Runs the given keyword with given arguments and returns the status as a Boolean value.</doc>
<status status="PASS" start="2025-04-15T13:55:14.645324" elapsed="0.001199"/>
</kw>
<if>
<branch type="IF" condition="${status} == ${False}">
<kw name="Log Report And Console">
<kw name="Log" owner="BuiltIn">
<msg time="2025-04-15T13:55:14.647869" level="INFO">ACTION A REALISER EN CAS D'ERREUR</msg>
<arg>${message}</arg>
<arg>level=${level}</arg>
<arg>console=True</arg>
<doc>Logs the given message with the given level.</doc>
<status status="PASS" start="2025-04-15T13:55:14.646523" elapsed="0.001346"/>
</kw>
<arg>ACTION A REALISER EN CAS D'ERREUR</arg>
<status status="PASS" start="2025-04-15T13:55:14.646523" elapsed="0.001346"/>
</kw>
<status status="PASS" start="2025-04-15T13:55:14.646523" elapsed="0.001346"/>
</branch>
<status status="PASS" start="2025-04-15T13:55:14.646523" elapsed="0.001346"/>
</if>
<kw name="Run Keyword Unless" owner="BuiltIn">
<msg time="2025-04-15T13:55:14.648903" level="WARN">Keyword 'BuiltIn.Run Keyword Unless' is deprecated. </msg>
<kw name="Log Report And Console">
<kw name="Log" owner="BuiltIn">
<msg time="2025-04-15T13:55:14.649891" level="INFO">ACTION A REALISER EN CAS D'ERREUR</msg>
<arg>${message}</arg>
<arg>level=${level}</arg>
<arg>console=True</arg>
<doc>Logs the given message with the given level.</doc>
<status status="PASS" start="2025-04-15T13:55:14.649891" elapsed="0.001001"/>
</kw>
<arg>ACTION A REALISER EN CAS D'ERREUR</arg>
<status status="PASS" start="2025-04-15T13:55:14.649891" elapsed="0.001001"/>
</kw>
<arg>${status}</arg>
<arg>Log Report And Console</arg>
<arg>ACTION A REALISER EN CAS D'ERREUR</arg>
<doc>*DEPRECATED since RF 5.0. Use Native IF/ELSE or `Run Keyword If` instead.*</doc>
<status status="PASS" start="2025-04-15T13:55:14.648903" elapsed="0.001989"/>
</kw>
<kw name="testTeardown" type="TEARDOWN">
<kw name="Log Report And Console">
<kw name="Log" owner="BuiltIn">
<msg time="2025-04-15T13:55:14.652269" level="INFO">Global Test Teardown</msg>
<arg>${message}</arg>
<arg>level=${level}</arg>
<arg>console=True</arg>
<doc>Logs the given message with the given level.</doc>
<status status="PASS" start="2025-04-15T13:55:14.652269" elapsed="0.000000"/>
</kw>
<arg>Global Test Teardown</arg>
<status status="PASS" start="2025-04-15T13:55:14.650892" elapsed="0.001377"/>
</kw>
<kw name="Log Report And Console">
<kw name="Log" owner="BuiltIn">
<msg time="2025-04-15T13:55:14.653287" level="INFO">PASS</msg>
<arg>${message}</arg>
<arg>level=${level}</arg>
<arg>console=True</arg>
<doc>Logs the given message with the given level.</doc>
<status status="PASS" start="2025-04-15T13:55:14.653287" elapsed="0.000000"/>
</kw>
<arg>${TEST STATUS}</arg>
[...]
</kw>
<doc>...    
Présentation Exercice
/basic-select-dropdown-demo.html

EXERCICE : Manipulation du formulaire

Sélectionner deux choix dans la liste

Vérifier que le message First Selected correspond bien à la première sélection

Vérifier que le message Get All Selected contient bien les deux sélections</doc>
<tag>selenium_06</tag>
<tag>tnr</tag>
<status status="FAIL" start="2025-04-15T13:55:43.218037" elapsed="4.080154">Setup failed:
'Error response' does not contain 'Selenium Easy'</status>
</test>
<test id="s1-s2-t8" name="Test07 Selenium Menu Progress Bars &amp; Sliders - Bootstrap Progress bar - Progress Bar for Download" line="138">
<kw name="Ouvrir SeleniumEasy" type="SETUP">
<kw name="Evaluate" owner="BuiltIn">
<msg time="2025-04-15T13:55:47.302201" level="INFO">${options} = &lt;selenium.webdriver.chrome.options.Options object at 0x0000024ECFB81AE0&gt;</msg>
<var>${options}</var>
<arg>sys.modules['selenium.webdriver'].ChromeOptions()</arg>
<arg>sys, selenium.webdriver</arg>
<doc>Evaluates the given expression in Python and returns the result.</doc>
<status status="PASS" start="2025-04-15T13:55:47.302201" elapsed="0.000000"/>
</kw>
<kw name="Call Method" owner="BuiltIn">
<arg>${options}</arg>
<arg>add_argument</arg>
<arg>--disable-search-engine-choice-screen</arg>
<doc>Calls the named method of the given object with the provided arguments.</doc>
<status status="PASS" start="2025-04-15T13:55:47.302201" elapsed="0.001449"/>
</kw>
<kw name="Call Method" owner="BuiltIn">
<arg>${options}</arg>
<arg>add_argument</arg>
<arg>ignore-certificate-errors</arg>
<doc>Calls the named method of the given object with the provided arguments.</doc>
<status status="PASS" start="2025-04-15T13:55:47.303650" elapsed="0.000000"/>
</kw>
<kw name="Create List" owner="BuiltIn">
<msg time="2025-04-15T13:55:47.303650" level="INFO">${excludeSwitches} = ['enable-automation', 'enable-logging', 'disable-popup-blocking']</msg>
<var>${excludeSwitches}</var>
<arg>enable-automation</arg>
<arg>enable-logging</arg>
<arg>disable-popup-blocking</arg>
<doc>Returns a list containing given items.</doc>
<status status="PASS" start="2025-04-15T13:55:47.303650" elapsed="0.000000"/>
</kw>
<kw name="Call Method" owner="BuiltIn">
<arg>${options}</arg>
<arg>add_experimental_option</arg>
<arg>excludeSwitches</arg>
<arg>${excludeSwitches}</arg>
<doc>Calls the named method of the given object with the provided arguments.</doc>
<status status="PASS" start="2025-04-15T13:55:47.303650" elapsed="0.001038"/>
</kw>
<kw name="Open Browser" owner="SeleniumLibrary">
<msg time="2025-04-15T13:55:47.304688" level="INFO">Opening browser 'chrome' to base url 'http://localhost:8000/demo.seleniumeasy.com'.</msg>
<arg>${SELENIUM_EASY_URL}</arg>
<arg>browser=chrome</arg>
<arg>options=${options}</arg>
<doc>Opens a new browser instance to the optional ``url``.</doc>
<status status="PASS" start="2025-04-15T13:55:47.304688" elapsed="1.551942"/>
</kw>
<kw name="Maximize Browser Window" owner="SeleniumLibrary">
<doc>Maximizes current browser window.</doc>
<status status="PASS" start="2025-04-15T13:55:48.856630" elapsed="0.033950"/>
</kw>
<kw name="Set Selenium Implicit Wait" owner="SeleniumLibrary">
<arg>5s</arg>
<doc>Sets the implicit wait value used by Selenium.</doc>
<status status="PASS" start="2025-04-15T13:55:48.890580" elapsed="0.002000"/>
</kw>
<kw name="Get Title" owner="SeleniumLibrary">
<msg time="2025-04-15T13:55:48.903985" level="INFO">${title} = Error response</msg>
<var>${title}</var>
<doc>Returns the title of the current page.</doc>
<status status="PASS" start="2025-04-15T13:55:48.892580" elapsed="0.012588"/>
</kw>
<kw name="Should Contain" owner="BuiltIn">
<msg time="2025-04-15T13:55:48.905168" level="FAIL">'Error response' does not contain 'Selenium Easy'</msg>
<arg>${title}</arg>
<arg>Selenium Easy</arg>
<doc>Fails if ``container`` does not contain ``item`` one or more times.</doc>
<status status="FAIL" start="2025-04-15T13:55:48.905168" elapsed="0.000000">'Error response' does not contain 'Selenium Easy'</status>
</kw>
<doc>Ouverture de Chrome à l'adresse http://localhost:8000/demo.seleniumeasy.com</doc>
<status status="FAIL" start="2025-04-15T13:55:47.301205" elapsed="1.604999">'Error response' does not contain 'Selenium Easy'</status>
</kw>
<kw name="Fermer SeleniumEasy" type="TEARDOWN">
<kw name="Capture Page Screenshot" owner="SeleniumLibrary">
<msg time="2025-04-15T13:55:49.140092" level="INFO" html="true">&lt;/td&gt;&lt;/tr&gt;&lt;tr&gt;&lt;td colspan="3"&gt;&lt;a href="selenium-screenshot-10.png"&gt;&lt;img src="selenium-screenshot-10.png" width="800px"&gt;&lt;/a&gt;</msg>
<doc>Takes a screenshot of the current page and embeds it into a log file.</doc>
<status status="PASS" start="2025-04-15T13:55:48.907204" elapsed="0.234321"/>
</kw>
<kw name="Close Browser" owner="SeleniumLibrary">
<doc>Closes the current browser.</doc>
<status status="PASS" start="2025-04-15T13:55:49.141525" elapsed="2.171813"/>
</kw>
<doc>Fermeture du navigateur
On laisse un peu de temps pour visualiser l'écran final</doc>
<status status="PASS" start="2025-04-15T13:55:48.907204" elapsed="2.406134"/>
</kw>
<doc>
Présentation Exercice
/bootstrap-download-progress-demo.html

EXERCICE : Cliquer sur Download

Synchroniser et vérifier d'être à 100%

Quel est la durée nécessaire au timeout ?</doc>
<tag>selenium_07</tag>
<tag>tnr</tag>
<status status="FAIL" start="2025-04-15T13:55:47.300203" elapsed="4.014783">Setup failed:
'Error response' does not contain 'Selenium Easy'</status>
</test>
<test id="s1-s2-t9" name="Test08 Selenium Menu Table - Table Data Search - Type in your search" line="150">
<kw name="Ouvrir SeleniumEasy" type="SETUP">
<kw name="Evaluate" owner="BuiltIn">
<msg time="2025-04-15T13:55:51.318359" level="INFO">${options} = &lt;selenium.webdriver.chrome.options.Options object at 0x0000024ECFB83220&gt;</msg>
<var>${options}</var>
<arg>sys.modules['selenium.webdriver'].ChromeOptions()</arg>
<arg>sys, selenium.webdriver</arg>
<doc>Evaluates the given expression in Python and returns the result.</doc>
<status status="PASS" start="2025-04-15T13:55:51.318359" elapsed="0.000000"/>
</kw>
<kw name="Call Method" owner="BuiltIn">
<arg>${options}</arg>
<arg>add_argument</arg>
<arg>--disable-search-engine-choice-screen</arg>
<doc>Calls the named method of the given object with the provided arguments.</doc>
<status status="PASS" start="2025-04-15T13:55:51.318359" elapsed="0.001099"/>
</kw>
<kw name="Call Method" owner="BuiltIn">
<arg>${options}</arg>
<arg>add_argument</arg>
<arg>ignore-certificate-errors</arg>
<doc>Calls the named method of the given object with the provided arguments.</doc>
<status status="PASS" start="2025-04-15T13:55:51.319458" elapsed="0.000000"/>
</kw>
<kw name="Create List" owner="BuiltIn">
<msg time="2025-04-15T13:55:51.319458" level="INFO">${excludeSwitches} = ['enable-automation', 'enable-logging', 'disable-popup-blocking']</msg>
<var>${excludeSwitches}</var>
<arg>enable-automation</arg>
<arg>enable-logging</arg>
<arg>disable-popup-blocking</arg>
<doc>Returns a list containing given items.</doc>
<status status="PASS" start="2025-04-15T13:55:51.319458" elapsed="0.000000"/>
</kw>
<kw name="Call Method" owner="BuiltIn">
<arg>${options}</arg>
<arg>add_experimental_option</arg>
<arg>excludeSwitches</arg>
<arg>${excludeSwitches}</arg>
<doc>Calls the named method of the given object with the provided arguments.</doc>
<status status="PASS" start="2025-04-15T13:55:51.320461" elapsed="0.000000"/>
</kw>
<kw name="Open Browser" owner="SeleniumLibrary">
<msg time="2025-04-15T13:55:51.321548" level="INFO">Opening browser 'chrome' to base url 'http://localhost:8000/demo.seleniumeasy.com'.</msg>
<arg>${SELENIUM_EASY_URL}</arg>
<arg>browser=chrome</arg>
<arg>options=${options}</arg>
<doc>Opens a new browser instance to the optional ``url``.</doc>
<status status="PASS" start="2025-04-15T13:55:51.320461" elapsed="1.551585"/>
</kw>
<kw name="Maximize Browser Window" owner="SeleniumLibrary">
<doc>Maximizes current browser window.</doc>
<status status="PASS" start="2025-04-15T13:55:52.872046" elapsed="0.033112"/>
</kw>
<kw name="Set Selenium Implicit Wait" owner="SeleniumLibrary">
<arg>5s</arg>
<doc>Sets the implicit wait value used by Selenium.</doc>
<status status="PASS" start="2025-04-15T13:55:52.905158" elapsed="0.001996"/>
</kw>
<kw name="Get Title" owner="SeleniumLibrary">
<msg time="2025-04-15T13:55:52.915784" level="INFO">${title} = Error response</msg>
<var>${title}</var>
<doc>Returns the title of the current page.</doc>
<status status="PASS" start="2025-04-15T13:55:52.907154" elapsed="0.008630"/>
</kw>
<kw name="Should Contain" owner="BuiltIn">
<msg time="2025-04-15T13:55:52.916930" level="FAIL">'Error response' does not contain 'Selenium Easy'</msg>
<arg>${title}</arg>
<arg>Selenium Easy</arg>
<doc>Fails if ``container`` does not contain ``item`` one or more times.</doc>
<status status="FAIL" start="2025-04-15T13:55:52.915784" elapsed="0.001146">'Error response' does not contain 'Selenium Easy'</status>
</kw>
<doc>Ouverture de Chrome à l'adresse http://localhost:8000/demo.seleniumeasy.com</doc>
<status status="FAIL" start="2025-04-15T13:55:51.317343" elapsed="1.599587">'Error response' does not contain 'Selenium Easy'</status>
</kw>
<kw name="Fermer SeleniumEasy" type="TEARDOWN">
<kw name="Capture Page Screenshot" owner="SeleniumLibrary">
<msg time="2025-04-15T13:55:53.221813" level="INFO" html="true">&lt;/td&gt;&lt;/tr&gt;&lt;tr&gt;&lt;td colspan="3"&gt;&lt;a href="selenium-screenshot-11.png"&gt;&lt;img src="selenium-screenshot-11.png" width="800px"&gt;&lt;/a&gt;</msg>
<doc>Takes a screenshot of the current page and embeds it into a log file.</doc>
<status status="PASS" start="2025-04-15T13:55:52.918202" elapsed="0.303611"/>
</kw>
<kw name="Close Browser" owner="SeleniumLibrary">
<msg time="2025-04-15T13:55:55.372211" level="ERROR">When closing browser, received exception: Execution terminated by signal</msg>
<msg time="2025-04-15T13:55:55.372211" level="INFO">Cannot capture screenshot because no browser is open.</msg>
<doc>Closes the current browser.</doc>
<status status="FAIL" start="2025-04-15T13:55:53.221813" elapsed="2.150398">Execution terminated by signal</status>
</kw>
<doc>Fermeture du navigateur
On laisse un peu de temps pour visualiser l'écran final</doc>
<status status="FAIL" start="2025-04-15T13:55:52.918202" elapsed="2.455008">Execution terminated by signal</status>
</kw>
<doc>
Présentation Exercice sur le parcourt d'un tableau
/table-search-filter-demo.html

Récupérer le nom de la personne affectée à jQuery</doc>
<tag>selenium_08</tag>
<tag>tnr</tag>
<status status="FAIL" start="2025-04-15T13:55:51.316828" elapsed="4.056382">Setup failed:
'Error response' does not contain 'Selenium Easy'

Also teardown failed:
Execution terminated by signal</status>
</test>
<test id="s1-s2-t10" name="Test09 Selenium Menu Progress Bars &amp; Sliders - Drag &amp; Drop Sliders - Range Sliders" line="161">
<doc>
Présentation Exercice
/drag-drop-range-sliders-demo.html

EXERCICE : Manipuler la barre de progression

Trouver un xpath qui identifie input et output en fonction de id="slider1"

Faire un press keys ARROW_RIGHT sur la barre, on remarque que le press key clique au milieu avant et nous positionne à 50

Alimenter une liste @{KEYS} de 40 ARROW_RIGHT afin de passer de 50 à 90

Faire un press keys sur cette liste @{KEYS}

Faire un press keys pour atteindre 89 avec seulement 3 KEYS (ARROW_LEFT, ARROW_RIGHT, HOME, END, PAGE_UP, PAGE_DOWN)</doc>
<tag>robot:exit</tag>
<tag>selenium_09</tag>
<tag>tnr</tag>
<status status="FAIL" start="2025-04-15T13:55:55.375592" elapsed="0.001034">Test execution stopped due to a fatal error.</status>
</test>
<test id="s1-s2-t11" name="Test10 Selenium Menu Table - Table Pagination - Table with Pagination Example" line="176">
<doc>
Présentation Exercice
/table-pagination-demo.html

EXERCICE : Naviguer sur le nombre de page et le nombre de ligne des tableaux

Compter le nombre de page

Sur quelle page sommes nous ?

Compter le nombre de ligne du tableau

Initialiser une variable nombreLigneCumul à 0

Faire une boucle sur le nombre de page en cliquant sur suivant à la fin

Dans la boucle :

    Vérifier que la page active correspond à l'index de la boucle

    Compter le nombre de ligne du tableau

    Faire le cumul du nombre de ligne

    Cliquer sur le bouton suivant si on n'est pas sur la dernière page

Récupérer l'index de la dernière ligne

Vérifier que le cumul du nombre de ligne est égal à cet index</doc>
<tag>robot:exit</tag>
<tag>selenium_10</tag>
<tag>tnr</tag>
<status status="FAIL" start="2025-04-15T13:55:55.378614" elapsed="0.000998">Test execution stopped due to a fatal error.</status>
</test>
<test id="s1-s2-t12" name="Test Unitaire de Wait Until Element Attribute Contains" line="198">
<tag>robot:exit</tag>
<tag>tnr</tag>
<status status="FAIL" start="2025-04-15T13:55:55.380613" elapsed="0.000997">Test execution stopped due to a fatal error.</status>
</test>
<status status="FAIL" start="2025-04-15T13:55:15.792077" elapsed="39.590536"/>
</suite>
<suite id="s1-s3" name="TS RBF" source="C:\Users\mathi\OneDrive\Documents\Bachelor\TP_TESTMDS\Tests\TS_RBF.robot">
<test id="s1-s3-t1" name="Test01 Log" line="15">
<tag>robot:exit</tag>
<tag>tnr</tag>
<status status="FAIL" start="2025-04-15T13:55:55.385612" elapsed="0.002000">Test execution stopped due to a fatal error.</status>
</test>
<test id="s1-s3-t2" name="Test02 Log" line="18">
<tag>robot:exit</tag>
<tag>tnr</tag>
<status status="FAIL" start="2025-04-15T13:55:55.388610" elapsed="0.001501">Test execution stopped due to a fatal error.</status>
</test>
<test id="s1-s3-t3" name="Test03 Log" line="21">
<tag>robot:exit</tag>
<tag>tnr</tag>
<status status="FAIL" start="2025-04-15T13:55:55.390111" elapsed="0.001012">Test execution stopped due to a fatal error.</status>
</test>
<test id="s1-s3-t4" name="Test11 Division" line="27">
<tag>robot:exit</tag>
<tag>tnr</tag>
<status status="FAIL" start="2025-04-15T13:55:55.392266" elapsed="0.000000">Test execution stopped due to a fatal error.</status>
</test>
<test id="s1-s3-t5" name="Test12 Division" line="31">
<tag>robot:exit</tag>
<tag>tnr</tag>
<status status="FAIL" start="2025-04-15T13:55:55.393278" elapsed="0.001001">Test execution stopped due to a fatal error.</status>
</test>
<test id="s1-s3-t6" name="Test13 Division" line="35">
<tag>robot:exit</tag>
<tag>tnr</tag>
<status status="FAIL" start="2025-04-15T13:55:55.394279" elapsed="0.000999">Test execution stopped due to a fatal error.</status>
</test>
<test id="s1-s3-t7" name="Test20 Boucle Methode1" line="45">
<tag>robot:exit</tag>
<tag>tnr</tag>
<status status="FAIL" start="2025-04-15T13:55:55.396279" elapsed="0.000997">Test execution stopped due to a fatal error.</status>
</test>
<test id="s1-s3-t8" name="Test20 Boucle Methode2" line="51">
<tag>robot:exit</tag>
<tag>tnr</tag>
<status status="FAIL" start="2025-04-15T13:55:55.397276" elapsed="0.001002">Test execution stopped due to a fatal error.</status>
</test>
<test id="s1-s3-t9" name="Test20 Boucle Methode3" line="60">
<tag>robot:exit</tag>
<tag>tnr</tag>
<status status="FAIL" start="2025-04-15T13:55:55.399279" elapsed="0.001050">Test execution stopped due to a fatal error.</status>
</test>
<test id="s1-s3-t10" name="Test30 Square" line="69">
<tag>robot:exit</tag>
<tag>tnr</tag>
<status status="FAIL" start="2025-04-15T13:55:55.403342" elapsed="0.000999">Test execution stopped due to a fatal error.</status>
</test>
<test id="s1-s3-t11" name="Test Somme" line="73">
<tag>robot:exit</tag>
<tag>tnr</tag>
<status status="FAIL" start="2025-04-15T13:55:55.405620" elapsed="0.000000">Test execution stopped due to a fatal error.</status>
</test>
<status status="FAIL" start="2025-04-15T13:55:55.384613" elapsed="0.023027"/>
</suite>
<suite id="s1-s4" name="TS TODO" source="C:\Users\mathi\OneDrive\Documents\Bachelor\TP_TESTMDS\Tests\TS_TODO.robot">
<test id="s1-s4-t1" name="Scenario TODO" line="19">
<doc>0) Exercices sur le site angular
1) Ajout de 3 todos
2) Traitement d'une tâche
3) Suppression d'une tâche
4) Contrôle supplémentaire</doc>
<tag>robot:exit</tag>
<tag>tnr</tag>
<status status="FAIL" start="2025-04-15T13:55:55.410615" elapsed="0.001000">Test execution stopped due to a fatal error.</status>
</test>
<status status="FAIL" start="2025-04-15T13:55:55.408604" elapsed="0.004013"/>
</suite>
<status status="FAIL" start="2025-04-15T13:55:14.331450" elapsed="41.084617"/>
</suite>
<statistics>
<total>
<stat pass="25" fail="30" skip="0">All Tests</stat>
</total>
<tag>
<stat info="combined" combined="NOT robot:exit" pass="25" fail="15" skip="0">NOT robot:exit</stat>
<stat pass="0" fail="1" skip="0">selenium_00</stat>
<stat pass="0" fail="1" skip="0">selenium_01</stat>
<stat pass="0" fail="1" skip="0">selenium_02</stat>
<stat pass="0" fail="1" skip="0">selenium_03</stat>
<stat pass="0" fail="1" skip="0">selenium_04</stat>
<stat pass="0" fail="1" skip="0">selenium_05</stat>
<stat pass="0" fail="1" skip="0">selenium_06</stat>
<stat pass="0" fail="1" skip="0">selenium_07</stat>
<stat pass="0" fail="1" skip="0">selenium_08</stat>
<stat pass="0" fail="1" skip="0">selenium_09</stat>
<stat pass="0" fail="1" skip="0">selenium_10</stat>
<stat pass="1" fail="0" skip="0">ta</stat>
<stat pass="1" fail="0" skip="0">tb</stat>
<stat pass="1" fail="0" skip="0">tc</stat>
<stat pass="25" fail="30" skip="0">tnr</stat>
<stat pass="1" fail="0" skip="0">var</stat>
</tag>
<suite>
<stat name="Tests" id="s1" pass="25" fail="30" skip="0">Tests</stat>
<stat name="Rappel RBF" id="s1-s1" pass="25" fail="6" skip="0">Tests.Rappel RBF</stat>
<stat name="TS EXO SELENIUM-EASY" id="s1-s2" pass="0" fail="12" skip="0">Tests.TS EXO SELENIUM-EASY</stat>
<stat name="TS RBF" id="s1-s3" pass="0" fail="11" skip="0">Tests.TS RBF</stat>
<stat name="TS TODO" id="s1-s4" pass="0" fail="1" skip="0">Tests.TS TODO</stat>
</suite>
</statistics>
<errors>
<msg time="2025-04-15T13:55:14.419573" level="WARN">TEST</msg>
<msg time="2025-04-15T13:55:14.533539" level="WARN">Keyword 'BuiltIn.Run Keyword Unless' is deprecated. </msg>
<msg time="2025-04-15T13:55:14.538894" level="WARN">Keyword 'BuiltIn.Run Keyword Unless' is deprecated. </msg>
<msg time="2025-04-15T13:55:14.648903" level="WARN">Keyword 'BuiltIn.Run Keyword Unless' is deprecated. </msg>
<msg time="2025-04-15T13:55:14.987484" level="WARN">FOR IN ZIP default mode will be changed from SHORTEST to STRICT in Robot Framework 8.0. Use 'mode=SHORTEST' to keep using the SHORTEST mode. If the mode is not changed, execution will fail like this in the future: FOR IN ZIP items must have equal lengths in the STRICT mode, but lengths are 3, 4 and 3.</msg>
<msg time="2025-04-15T13:55:14.991987" level="WARN">FOR IN ZIP default mode will be changed from SHORTEST to STRICT in Robot Framework 8.0. Use 'mode=SHORTEST' to keep using the SHORTEST mode. If the mode is not changed, execution will fail like this in the future: FOR IN ZIP items must have equal lengths in the STRICT mode, but lengths are 3 and 4.</msg>
<msg time="2025-04-15T13:55:14.995461" level="WARN">FOR IN ZIP default mode will be changed from SHORTEST to STRICT in Robot Framework 8.0. Use 'mode=SHORTEST' to keep using the SHORTEST mode. If the mode is not changed, execution will fail like this in the future: FOR IN ZIP items must have equal lengths in the STRICT mode, but lengths are 3, 4 and 3.</msg>
<msg time="2025-04-15T13:55:55.372211" level="ERROR">When closing browser, received exception: Execution terminated by signal</msg>
</errors>
</robot>
